<?xml version="1.0" encoding="UTF-8"?>
<!-- Generated by org.testng.reporters.JUnitXMLReporter -->
<testsuite ignored="0" hostname="LAPTOP-O1IA0A5B" failures="0" tests="2" name="Default test" time="11.232" errors="0" timestamp="2023-04-02T14:02:43 EDT">
  <testcase classname="com.automation.code_25th_March_2023.CssSelector_TN" name="clickOnLoginLink" time="0.76"/>
  <testcase classname="com.automation.code_25th_March_2023.CssSelector_TN" name="clickOnMyAccountLink" time="0.078"/>
</testsuite> <!-- Default test -->
