<?xml version="1.0" encoding="UTF-8"?>
<!-- Generated by org.testng.reporters.JUnitXMLReporter -->
<testsuite ignored="0" hostname="LAPTOP-O1IA0A5B" failures="0" tests="2" name="TN Test" time="19.816" errors="0" timestamp="2023-04-13T13:21:08 EDT">
  <testcase classname="com.automationcode_8th_April_2023.TutorialsNinjaLoginTest" name="tutorialsNinjaLogin" time="10.8"/>
  <testcase classname="com.automationcode_8th_April_2023.TutorialsNinjaRegisterTest" name="TutorialsNinjaRegister" time="8.631"/>
</testsuite> <!-- TN Test -->
