<?xml version="1.0" encoding="UTF-8"?>
<testsuite xmlns:xsi="http://www.w3.org/2001/XMLSchema-instance" xsi:noNamespaceSchemaLocation="https://maven.apache.org/surefire/maven-surefire-plugin/xsd/surefire-test-report-3.0.xsd" version="3.0" name="TestSuite" time="402.498" tests="73" errors="0" skipped="14" failures="20">
  <properties>
[...]
</properties>
  <testcase name="tutorialsNinjaLogin" classname="com.automationcode_8th_April_2023.TutorialsNinjaLoginTest" time="14.093">
    <system-out><![CDATA[[TestNGContentHandler] [WARN] It is strongly recommended to add "<!DOCTYPE suite SYSTEM "http://testng.org/testng-1.0.dtd" >" at the top of your file, otherwise TestNG may fail or not work as expected.
This is Before Suite
operation started
This is Before Test
tutorialsNinjaLoginstarting test
[DEBUG] Using SLF4J as the default logging framework
[DEBUG] -Dio.netty.leakDetection.level: simple
[DEBUG] -Dio.netty.leakDetection.targetRecords: 4
[DEBUG] Loaded default ResourceLeakDetector: io.netty.util.ResourceLeakDetector@1acaf3d
[DEBUG] -Dio.netty.noUnsafe: false
[DEBUG] Java version: 8
[DEBUG] sun.misc.Unsafe.theUnsafe: available
[DEBUG] sun.misc.Unsafe.copyMemory: available
[DEBUG] sun.misc.Unsafe.storeFence: available
[DEBUG] java.nio.Buffer.address: available
[DEBUG] direct buffer constructor: available
[DEBUG] java.nio.Bits.unaligned: available, true
[DEBUG] jdk.internal.misc.Unsafe.allocateUninitializedArray(int): unavailable prior to Java9
[DEBUG] java.nio.DirectByteBuffer.<init>(long, int): available
[DEBUG] sun.misc.Unsafe: available
[DEBUG] -Dio.netty.tmpdir: C:\Users\Dennis\AppData\Local\Temp (java.io.tmpdir)
[DEBUG] -Dio.netty.bitMode: 64 (sun.arch.data.model)
[DEBUG] Platform: Windows
[DEBUG] -Dio.netty.maxDirectMemory: 1827143680 bytes
[DEBUG] -Dio.netty.uninitializedArrayAllocationThreshold: -1
[DEBUG] java.nio.ByteBuffer.cleaner(): available
[DEBUG] -Dio.netty.noPreferDirect: false
[DEBUG] org.jctools-core.MpscChunkedArrayQueue: available
[DEBUG] -Dio.netty.threadLocalMap.stringBuilder.initialSize: 1024
[DEBUG] -Dio.netty.threadLocalMap.stringBuilder.maxSize: 4096
[DEBUG] Default protocols (JDK): [TLSv1.3, TLSv1.2] 
[DEBUG] Default cipher suites (JDK): [TLS_ECDHE_ECDSA_WITH_AES_256_GCM_SHA384, TLS_ECDHE_ECDSA_WITH_AES_128_GCM_SHA256, TLS_ECDHE_RSA_WITH_AES_128_GCM_SHA256, TLS_ECDHE_RSA_WITH_AES_256_GCM_SHA384, TLS_ECDHE_RSA_WITH_AES_128_CBC_SHA, TLS_ECDHE_RSA_WITH_AES_256_CBC_SHA, TLS_RSA_WITH_AES_128_GCM_SHA256, TLS_RSA_WITH_AES_128_CBC_SHA, TLS_RSA_WITH_AES_256_CBC_SHA, TLS_AES_128_GCM_SHA256, TLS_AES_256_GCM_SHA384]
[DEBUG] -Dio.netty.globalEventExecutor.quietPeriodSeconds: 1
[DEBUG] -Dio.netty.eventLoopThreads: 16
[DEBUG] -Dio.netty.noKeySetOptimization: false
[DEBUG] -Dio.netty.selectorAutoRebuildThreshold: 512
[DEBUG] -Dio.netty.allocator.numHeapArenas: 16
[DEBUG] -Dio.netty.allocator.numDirectArenas: 16
[DEBUG] -Dio.netty.allocator.pageSize: 8192
[DEBUG] -Dio.netty.allocator.maxOrder: 9
[DEBUG] -Dio.netty.allocator.chunkSize: 4194304
[DEBUG] -Dio.netty.allocator.smallCacheSize: 256
[DEBUG] -Dio.netty.allocator.normalCacheSize: 64
[DEBUG] -Dio.netty.allocator.maxCachedBufferCapacity: 32768
[DEBUG] -Dio.netty.allocator.cacheTrimInterval: 8192
[DEBUG] -Dio.netty.allocator.cacheTrimIntervalMillis: 0
[DEBUG] -Dio.netty.allocator.useCacheForAllThreads: false
[DEBUG] -Dio.netty.allocator.maxCachedByteBuffersPerChunk: 1023
[DEBUG] -Dio.netty.allocator.type: pooled
[DEBUG] -Dio.netty.threadLocalDirectBufferSize: 0
[DEBUG] -Dio.netty.maxThreadLocalCharBufferSize: 16384
[DEBUG] -Dio.netty.processId: 43592 (auto-detected)
[DEBUG] -Djava.net.preferIPv4Stack: false
[DEBUG] -Djava.net.preferIPv6Addresses: false
[DEBUG] Loopback interface: lo (Software Loopback Interface 1, 127.0.0.1)
[DEBUG] Failed to get SOMAXCONN from sysctl and file \proc\sys\net\core\somaxconn. Default: 200
[DEBUG] -Dio.netty.machineId: cc:6b:1e:ff:fe:9a:04:c1 (auto-detected)
[DEBUG] -Dio.netty.buffer.checkAccessible: true
[DEBUG] -Dio.netty.buffer.checkBounds: true
[DEBUG] Loaded default ResourceLeakDetector: io.netty.util.ResourceLeakDetector@314f995e
[DEBUG] Using new Channel '[id: 0x4eecec5d, L:/127.0.0.1:59835 - R:localhost/127.0.0.1:46934]' for 'POST' to '/session'
[DEBUG] -Dio.netty.recycler.maxCapacityPerThread: 4096
[DEBUG] -Dio.netty.recycler.ratio: 8
[DEBUG] -Dio.netty.recycler.chunkSize: 32
[DEBUG] -Dio.netty.recycler.blocking: false
[DEBUG] -Dio.netty.recycler.batchFastThreadLocalOnly: true
[DEBUG] brotli4j not in the classpath; Brotli support will be unavailable.
[DEBUG] 

Request DefaultHttpRequest(decodeResult: success, version: HTTP/1.1)
POST /session HTTP/1.1
User-Agent: selenium/4.8.3 (java windows)
Content-Length: 439
Content-Type: application/json; charset=utf-8
host: localhost:46934
accept: */*

Response DefaultHttpResponse(decodeResult: success, version: HTTP/1.1)
HTTP/1.1 200 OK
Content-Length: 859
Content-Type: application/json; charset=utf-8
cache-control: no-cache

[DEBUG] Adding key: http://localhost:46934 for channel [id: 0x4eecec5d, L:/127.0.0.1:59835 - R:localhost/127.0.0.1:46934]
[DEBUG] Entry count for : http://localhost:46934 : 1
[DEBUG] Using new Channel '[id: 0x1240c5b7, L:/127.0.0.1:59844 - R:localhost/127.0.0.1:59836]' for 'GET' to '/json/version'
[DEBUG] 

Request DefaultFullHttpRequest(decodeResult: success, version: HTTP/1.1, content: EmptyByteBufBE)
GET /json/version HTTP/1.1
User-Agent: selenium/4.8.3 (java windows)
host: localhost:59836
accept: */*

Response DefaultHttpResponse(decodeResult: success, version: HTTP/1.1)
HTTP/1.1 200 OK
Content-Security-Policy: frame-ancestors 'none'
Content-Length: 424
Content-Type: application/json; charset=UTF-8

[DEBUG] Adding key: http://localhost:59836 for channel [id: 0x1240c5b7, L:/127.0.0.1:59844 - R:localhost/127.0.0.1:59836]
[DEBUG] -Dio.netty.initialSeedUniquifier: 0x36709cf8f73477b2
[DEBUG] Using new Channel '[id: 0xdcd46cfd, L:/127.0.0.1:59845 - R:localhost/127.0.0.1:59836]' for 'GET' to '/devtools/browser/c39cde22-f0ba-432d-9e1c-0ee07fd318be'
[DEBUG] 

Request DefaultFullHttpRequest(decodeResult: success, version: HTTP/1.1, content: EmptyByteBufBE)
GET /devtools/browser/c39cde22-f0ba-432d-9e1c-0ee07fd318be HTTP/1.1
upgrade: websocket
connection: upgrade
sec-websocket-key: 6OqxSKn/f2IXBzGjSYk93g==
sec-websocket-version: 13
origin: http://localhost:59836
host: localhost:59836
accept: */*
user-agent: AHC/2.1

Response DefaultHttpResponse(decodeResult: success, version: HTTP/1.1)
HTTP/1.1 101 WebSocket Protocol Handshake
Upgrade: WebSocket
Connection: Upgrade
Sec-WebSocket-Accept: 14oOwDXiFt9+reRWx+pTn29qY4o=

[DEBUG] Using pooled Channel '[id: 0x4eecec5d, L:/127.0.0.1:59835 - R:localhost/127.0.0.1:46934]' for 'POST' to 'http://localhost:46934/session/7aad08743eba5742fc93488652720512/window/maximize'
[DEBUG] Using open Channel [id: 0x4eecec5d, L:/127.0.0.1:59835 - R:localhost/127.0.0.1:46934] for POST '/session/7aad08743eba5742fc93488652720512/window/maximize'
[DEBUG] 

Request DefaultHttpRequest(decodeResult: success, version: HTTP/1.1)
POST /session/7aad08743eba5742fc93488652720512/window/maximize HTTP/1.1
User-Agent: selenium/4.8.3 (java windows)
Content-Length: 3
Content-Type: application/json; charset=utf-8
host: localhost:46934
accept: */*

Response DefaultHttpResponse(decodeResult: success, version: HTTP/1.1)
HTTP/1.1 200 OK
Content-Length: 51
Content-Type: application/json; charset=utf-8
cache-control: no-cache

[DEBUG] Adding key: http://localhost:46934 for channel [id: 0x4eecec5d, L:/127.0.0.1:59835 - R:localhost/127.0.0.1:46934]
[DEBUG] Using pooled Channel '[id: 0x4eecec5d, L:/127.0.0.1:59835 - R:localhost/127.0.0.1:46934]' for 'POST' to 'http://localhost:46934/session/7aad08743eba5742fc93488652720512/url'
[DEBUG] Using open Channel [id: 0x4eecec5d, L:/127.0.0.1:59835 - R:localhost/127.0.0.1:46934] for POST '/session/7aad08743eba5742fc93488652720512/url'
[DEBUG] Entry count for : http://localhost:59836 : 1
[DEBUG] Entry count for : http://localhost:59836 : 1
[DEBUG] Entry count for : http://localhost:59836 : 1
[DEBUG] Entry count for : http://localhost:59836 : 1
[DEBUG] Entry count for : http://localhost:59836 : 1
[DEBUG] 

Request DefaultHttpRequest(decodeResult: success, version: HTTP/1.1)
POST /session/7aad08743eba5742fc93488652720512/url HTTP/1.1
User-Agent: selenium/4.8.3 (java windows)
Content-Length: 60
Content-Type: application/json; charset=utf-8
host: localhost:46934
accept: */*

Response DefaultHttpResponse(decodeResult: success, version: HTTP/1.1)
HTTP/1.1 200 OK
Content-Length: 14
Content-Type: application/json; charset=utf-8
cache-control: no-cache

[DEBUG] Adding key: http://localhost:46934 for channel [id: 0x4eecec5d, L:/127.0.0.1:59835 - R:localhost/127.0.0.1:46934]
[DEBUG] Using pooled Channel '[id: 0x4eecec5d, L:/127.0.0.1:59835 - R:localhost/127.0.0.1:46934]' for 'POST' to 'http://localhost:46934/session/7aad08743eba5742fc93488652720512/element'
[DEBUG] Using open Channel [id: 0x4eecec5d, L:/127.0.0.1:59835 - R:localhost/127.0.0.1:46934] for POST '/session/7aad08743eba5742fc93488652720512/element'
[DEBUG] 

Request DefaultHttpRequest(decodeResult: success, version: HTTP/1.1)
POST /session/7aad08743eba5742fc93488652720512/element HTTP/1.1
User-Agent: selenium/4.8.3 (java windows)
Content-Length: 51
Content-Type: application/json; charset=utf-8
host: localhost:46934
accept: */*

Response DefaultHttpResponse(decodeResult: success, version: HTTP/1.1)
HTTP/1.1 200 OK
Content-Length: 88
Content-Type: application/json; charset=utf-8
cache-control: no-cache

[DEBUG] Adding key: http://localhost:46934 for channel [id: 0x4eecec5d, L:/127.0.0.1:59835 - R:localhost/127.0.0.1:46934]
[DEBUG] Using pooled Channel '[id: 0x4eecec5d, L:/127.0.0.1:59835 - R:localhost/127.0.0.1:46934]' for 'POST' to 'http://localhost:46934/session/7aad08743eba5742fc93488652720512/element/d6a4a72f-7587-4524-8c21-3f8d978ecbd6/click'
[DEBUG] Using open Channel [id: 0x4eecec5d, L:/127.0.0.1:59835 - R:localhost/127.0.0.1:46934] for POST '/session/7aad08743eba5742fc93488652720512/element/d6a4a72f-7587-4524-8c21-3f8d978ecbd6/click'
[DEBUG] 

Request DefaultHttpRequest(decodeResult: success, version: HTTP/1.1)
POST /session/7aad08743eba5742fc93488652720512/element/d6a4a72f-7587-4524-8c21-3f8d978ecbd6/click HTTP/1.1
User-Agent: selenium/4.8.3 (java windows)
Content-Length: 50
Content-Type: application/json; charset=utf-8
host: localhost:46934
accept: */*

Response DefaultHttpResponse(decodeResult: success, version: HTTP/1.1)
HTTP/1.1 200 OK
Content-Length: 14
Content-Type: application/json; charset=utf-8
cache-control: no-cache

[DEBUG] Adding key: http://localhost:46934 for channel [id: 0x4eecec5d, L:/127.0.0.1:59835 - R:localhost/127.0.0.1:46934]
[DEBUG] Using pooled Channel '[id: 0x4eecec5d, L:/127.0.0.1:59835 - R:localhost/127.0.0.1:46934]' for 'POST' to 'http://localhost:46934/session/7aad08743eba5742fc93488652720512/element'
[DEBUG] Using open Channel [id: 0x4eecec5d, L:/127.0.0.1:59835 - R:localhost/127.0.0.1:46934] for POST '/session/7aad08743eba5742fc93488652720512/element'
[DEBUG] 

Request DefaultHttpRequest(decodeResult: success, version: HTTP/1.1)
POST /session/7aad08743eba5742fc93488652720512/element HTTP/1.1
User-Agent: selenium/4.8.3 (java windows)
Content-Length: 46
Content-Type: application/json; charset=utf-8
host: localhost:46934
accept: */*

Response DefaultHttpResponse(decodeResult: success, version: HTTP/1.1)
HTTP/1.1 200 OK
Content-Length: 88
Content-Type: application/json; charset=utf-8
cache-control: no-cache

[DEBUG] Adding key: http://localhost:46934 for channel [id: 0x4eecec5d, L:/127.0.0.1:59835 - R:localhost/127.0.0.1:46934]
[DEBUG] Using pooled Channel '[id: 0x4eecec5d, L:/127.0.0.1:59835 - R:localhost/127.0.0.1:46934]' for 'POST' to 'http://localhost:46934/session/7aad08743eba5742fc93488652720512/element/70889e06-ea71-4314-b15f-4c13f3249c26/click'
[DEBUG] Using open Channel [id: 0x4eecec5d, L:/127.0.0.1:59835 - R:localhost/127.0.0.1:46934] for POST '/session/7aad08743eba5742fc93488652720512/element/70889e06-ea71-4314-b15f-4c13f3249c26/click'
[DEBUG] 

Request DefaultHttpRequest(decodeResult: success, version: HTTP/1.1)
POST /session/7aad08743eba5742fc93488652720512/element/70889e06-ea71-4314-b15f-4c13f3249c26/click HTTP/1.1
User-Agent: selenium/4.8.3 (java windows)
Content-Length: 50
Content-Type: application/json; charset=utf-8
host: localhost:46934
accept: */*

Response DefaultHttpResponse(decodeResult: success, version: HTTP/1.1)
HTTP/1.1 200 OK
Content-Length: 14
Content-Type: application/json; charset=utf-8
cache-control: no-cache

[DEBUG] Adding key: http://localhost:46934 for channel [id: 0x4eecec5d, L:/127.0.0.1:59835 - R:localhost/127.0.0.1:46934]
[DEBUG] Using pooled Channel '[id: 0x4eecec5d, L:/127.0.0.1:59835 - R:localhost/127.0.0.1:46934]' for 'POST' to 'http://localhost:46934/session/7aad08743eba5742fc93488652720512/element'
[DEBUG] Using open Channel [id: 0x4eecec5d, L:/127.0.0.1:59835 - R:localhost/127.0.0.1:46934] for POST '/session/7aad08743eba5742fc93488652720512/element'
[DEBUG] 

Request DefaultHttpRequest(decodeResult: success, version: HTTP/1.1)
POST /session/7aad08743eba5742fc93488652720512/element HTTP/1.1
User-Agent: selenium/4.8.3 (java windows)
Content-Length: 58
Content-Type: application/json; charset=utf-8
host: localhost:46934
accept: */*

Response DefaultHttpResponse(decodeResult: success, version: HTTP/1.1)
HTTP/1.1 200 OK
Content-Length: 88
Content-Type: application/json; charset=utf-8
cache-control: no-cache

[DEBUG] Adding key: http://localhost:46934 for channel [id: 0x4eecec5d, L:/127.0.0.1:59835 - R:localhost/127.0.0.1:46934]
[DEBUG] Using pooled Channel '[id: 0x4eecec5d, L:/127.0.0.1:59835 - R:localhost/127.0.0.1:46934]' for 'POST' to 'http://localhost:46934/session/7aad08743eba5742fc93488652720512/element/7bd65cde-c115-4da4-ade2-f667c1720d86/value'
[DEBUG] Using open Channel [id: 0x4eecec5d, L:/127.0.0.1:59835 - R:localhost/127.0.0.1:46934] for POST '/session/7aad08743eba5742fc93488652720512/element/7bd65cde-c115-4da4-ade2-f667c1720d86/value'
[DEBUG] Entry count for : http://localhost:59836 : 1
[DEBUG] 

Request DefaultHttpRequest(decodeResult: success, version: HTTP/1.1)
POST /session/7aad08743eba5742fc93488652720512/element/7bd65cde-c115-4da4-ade2-f667c1720d86/value HTTP/1.1
User-Agent: selenium/4.8.3 (java windows)
Content-Length: 311
Content-Type: application/json; charset=utf-8
host: localhost:46934
accept: */*

Response DefaultHttpResponse(decodeResult: success, version: HTTP/1.1)
HTTP/1.1 200 OK
Content-Length: 14
Content-Type: application/json; charset=utf-8
cache-control: no-cache

[DEBUG] Adding key: http://localhost:46934 for channel [id: 0x4eecec5d, L:/127.0.0.1:59835 - R:localhost/127.0.0.1:46934]
[DEBUG] Using pooled Channel '[id: 0x4eecec5d, L:/127.0.0.1:59835 - R:localhost/127.0.0.1:46934]' for 'POST' to 'http://localhost:46934/session/7aad08743eba5742fc93488652720512/element'
[DEBUG] Using open Channel [id: 0x4eecec5d, L:/127.0.0.1:59835 - R:localhost/127.0.0.1:46934] for POST '/session/7aad08743eba5742fc93488652720512/element'
[DEBUG] 

Request DefaultHttpRequest(decodeResult: success, version: HTTP/1.1)
POST /session/7aad08743eba5742fc93488652720512/element HTTP/1.1
User-Agent: selenium/4.8.3 (java windows)
Content-Length: 61
Content-Type: application/json; charset=utf-8
host: localhost:46934
accept: */*

Response DefaultHttpResponse(decodeResult: success, version: HTTP/1.1)
HTTP/1.1 200 OK
Content-Length: 88
Content-Type: application/json; charset=utf-8
cache-control: no-cache

[DEBUG] Adding key: http://localhost:46934 for channel [id: 0x4eecec5d, L:/127.0.0.1:59835 - R:localhost/127.0.0.1:46934]
[DEBUG] Using pooled Channel '[id: 0x4eecec5d, L:/127.0.0.1:59835 - R:localhost/127.0.0.1:46934]' for 'POST' to 'http://localhost:46934/session/7aad08743eba5742fc93488652720512/element/0bdd4922-9238-447d-8ecd-f0efb71b0d15/value'
[DEBUG] Using open Channel [id: 0x4eecec5d, L:/127.0.0.1:59835 - R:localhost/127.0.0.1:46934] for POST '/session/7aad08743eba5742fc93488652720512/element/0bdd4922-9238-447d-8ecd-f0efb71b0d15/value'
[DEBUG] 

Request DefaultHttpRequest(decodeResult: success, version: HTTP/1.1)
POST /session/7aad08743eba5742fc93488652720512/element/0bdd4922-9238-447d-8ecd-f0efb71b0d15/value HTTP/1.1
User-Agent: selenium/4.8.3 (java windows)
Content-Length: 201
Content-Type: application/json; charset=utf-8
host: localhost:46934
accept: */*

Response DefaultHttpResponse(decodeResult: success, version: HTTP/1.1)
HTTP/1.1 200 OK
Content-Length: 14
Content-Type: application/json; charset=utf-8
cache-control: no-cache

[DEBUG] Adding key: http://localhost:46934 for channel [id: 0x4eecec5d, L:/127.0.0.1:59835 - R:localhost/127.0.0.1:46934]
[DEBUG] Using pooled Channel '[id: 0x4eecec5d, L:/127.0.0.1:59835 - R:localhost/127.0.0.1:46934]' for 'POST' to 'http://localhost:46934/session/7aad08743eba5742fc93488652720512/element'
[DEBUG] Using open Channel [id: 0x4eecec5d, L:/127.0.0.1:59835 - R:localhost/127.0.0.1:46934] for POST '/session/7aad08743eba5742fc93488652720512/element'
[DEBUG] 

Request DefaultHttpRequest(decodeResult: success, version: HTTP/1.1)
POST /session/7aad08743eba5742fc93488652720512/element HTTP/1.1
User-Agent: selenium/4.8.3 (java windows)
Content-Length: 65
Content-Type: application/json; charset=utf-8
host: localhost:46934
accept: */*

Response DefaultHttpResponse(decodeResult: success, version: HTTP/1.1)
HTTP/1.1 200 OK
Content-Length: 88
Content-Type: application/json; charset=utf-8
cache-control: no-cache

[DEBUG] Adding key: http://localhost:46934 for channel [id: 0x4eecec5d, L:/127.0.0.1:59835 - R:localhost/127.0.0.1:46934]
[DEBUG] Using pooled Channel '[id: 0x4eecec5d, L:/127.0.0.1:59835 - R:localhost/127.0.0.1:46934]' for 'POST' to 'http://localhost:46934/session/7aad08743eba5742fc93488652720512/element/23b16047-f752-49e1-aa66-051f0b6e3885/click'
[DEBUG] Using open Channel [id: 0x4eecec5d, L:/127.0.0.1:59835 - R:localhost/127.0.0.1:46934] for POST '/session/7aad08743eba5742fc93488652720512/element/23b16047-f752-49e1-aa66-051f0b6e3885/click'
[DEBUG] Entry count for : http://localhost:59836 : 1
[DEBUG] 

Request DefaultHttpRequest(decodeResult: success, version: HTTP/1.1)
POST /session/7aad08743eba5742fc93488652720512/element/23b16047-f752-49e1-aa66-051f0b6e3885/click HTTP/1.1
User-Agent: selenium/4.8.3 (java windows)
Content-Length: 50
Content-Type: application/json; charset=utf-8
host: localhost:46934
accept: */*

Response DefaultHttpResponse(decodeResult: success, version: HTTP/1.1)
HTTP/1.1 200 OK
Content-Length: 14
Content-Type: application/json; charset=utf-8
cache-control: no-cache

[DEBUG] Adding key: http://localhost:46934 for channel [id: 0x4eecec5d, L:/127.0.0.1:59835 - R:localhost/127.0.0.1:46934]
tutorialsNinjaLoginpassed
]]></system-out>
    <system-err><![CDATA[Starting ChromeDriver 112.0.5615.49 (bd2a7bcb881c11e8cfe3078709382934e3916914-refs/branch-heads/5615@{#936}) on port 46934
Only local connections are allowed.
Please see https://chromedriver.chromium.org/security-considerations for suggestions on keeping ChromeDriver safe.
ChromeDriver was started successfully.
Apr 25, 2023 9:12:12 AM org.openqa.selenium.devtools.CdpVersionFinder findNearestMatch
WARNING: Unable to find an exact match for CDP version 112, so returning the closest version found: 111
]]></system-err>
  </testcase>
  <testcase name="registerPage" classname="com.automationcode_16th_April_ExtentReports.TNRegisterTest" time="2.101">
    <system-out><![CDATA[[DEBUG] Using pooled Channel '[id: 0x4eecec5d, L:/127.0.0.1:59835 - R:localhost/127.0.0.1:46934]' for 'DELETE' to 'http://localhost:46934/session/7aad08743eba5742fc93488652720512'
[DEBUG] Using open Channel [id: 0x4eecec5d, L:/127.0.0.1:59835 - R:localhost/127.0.0.1:46934] for DELETE '/session/7aad08743eba5742fc93488652720512'
[DEBUG] Channel Closed: [id: 0xdcd46cfd, L:/127.0.0.1:59845 ! R:localhost/127.0.0.1:59836] with attribute NettyResponseFuture{currentRetry=0,
	isDone=1,
	isCancelled=0,
	asyncHandler=org.asynchttpclient.ws.WebSocketUpgradeHandler@21d990d,
	nettyRequest=org.asynchttpclient.netty.request.NettyRequest@41a63c1e,
	future=java.util.concurrent.CompletableFuture@2567fd27[Completed normally],
	uri=ws://localhost:59836/devtools/browser/c39cde22-f0ba-432d-9e1c-0ee07fd318be,
	keepAlive=true,
	redirectCount=0,
	timeoutsHolder=null,
	inAuth=0,
	touch=1682428332320}
[DEBUG] Closing Channel [id: 0xdcd46cfd, L:/127.0.0.1:59845 ! R:localhost/127.0.0.1:59836] 
[DEBUG] Unexpected I/O exception on channel [id: 0x1240c5b7, L:/127.0.0.1:59844 - R:localhost/127.0.0.1:59836]
java.io.IOException: An existing connection was forcibly closed by the remote host
	at sun.nio.ch.SocketDispatcher.read0(Native Method) ~[na:1.8.0_351]
	at sun.nio.ch.SocketDispatcher.read(SocketDispatcher.java:43) ~[na:1.8.0_351]
	at sun.nio.ch.IOUtil.readIntoNativeBuffer(IOUtil.java:223) ~[na:1.8.0_351]
	at sun.nio.ch.IOUtil.read(IOUtil.java:192) ~[na:1.8.0_351]
	at sun.nio.ch.SocketChannelImpl.read(SocketChannelImpl.java:378) ~[na:1.8.0_351]
	at io.netty.buffer.PooledByteBuf.setBytes(PooledByteBuf.java:256) ~[netty-buffer-4.1.90.Final.jar:4.1.90.Final]
	at io.netty.buffer.AbstractByteBuf.writeBytes(AbstractByteBuf.java:1132) ~[netty-buffer-4.1.90.Final.jar:4.1.90.Final]
	at io.netty.channel.socket.nio.NioSocketChannel.doReadBytes(NioSocketChannel.java:357) ~[netty-transport-4.1.90.Final.jar:4.1.90.Final]
	at io.netty.channel.nio.AbstractNioByteChannel$NioByteUnsafe.read(AbstractNioByteChannel.java:151) ~[netty-transport-4.1.90.Final.jar:4.1.90.Final]
	at io.netty.channel.nio.NioEventLoop.processSelectedKey(NioEventLoop.java:788) [netty-transport-4.1.90.Final.jar:4.1.90.Final]
	at io.netty.channel.nio.NioEventLoop.processSelectedKeysOptimized(NioEventLoop.java:724) [netty-transport-4.1.90.Final.jar:4.1.90.Final]
	at io.netty.channel.nio.NioEventLoop.processSelectedKeys(NioEventLoop.java:650) [netty-transport-4.1.90.Final.jar:4.1.90.Final]
	at io.netty.channel.nio.NioEventLoop.run(NioEventLoop.java:562) [netty-transport-4.1.90.Final.jar:4.1.90.Final]
	at io.netty.util.concurrent.SingleThreadEventExecutor$4.run(SingleThreadEventExecutor.java:997) [netty-common-4.1.90.Final.jar:4.1.90.Final]
	at io.netty.util.internal.ThreadExecutorMap$2.run(ThreadExecutorMap.java:74) [netty-common-4.1.90.Final.jar:4.1.90.Final]
	at io.netty.util.concurrent.FastThreadLocalRunnable.run(FastThreadLocalRunnable.java:30) [netty-common-4.1.90.Final.jar:4.1.90.Final]
	at java.lang.Thread.run(Thread.java:750) [na:1.8.0_351]
[DEBUG] Closing Channel [id: 0x1240c5b7, L:/127.0.0.1:59844 - R:localhost/127.0.0.1:59836] 
[DEBUG] Channel Closed: [id: 0x1240c5b7, L:/127.0.0.1:59844 ! R:localhost/127.0.0.1:59836] with attribute DISCARD
[DEBUG] 

Request DefaultFullHttpRequest(decodeResult: success, version: HTTP/1.1, content: EmptyByteBufBE)
DELETE /session/7aad08743eba5742fc93488652720512 HTTP/1.1
User-Agent: selenium/4.8.3 (java windows)
Content-Type: application/json; charset=utf-8
host: localhost:46934
accept: */*

Response DefaultHttpResponse(decodeResult: success, version: HTTP/1.1)
HTTP/1.1 200 OK
Content-Length: 14
Content-Type: application/json; charset=utf-8
cache-control: no-cache

[DEBUG] Adding key: http://localhost:46934 for channel [id: 0x4eecec5d, L:/127.0.0.1:59835 - R:localhost/127.0.0.1:46934]
[DEBUG] Channel Closed: [id: 0x4eecec5d, L:/127.0.0.1:59835 ! R:localhost/127.0.0.1:46934] with attribute DISCARD
[DEBUG] Entry count for : http://localhost:59836 : 1
[DEBUG] Entry count for : http://localhost:46934 : 1
[DEBUG] Adding Candidate expired Channel [id: 0x1240c5b7, L:/127.0.0.1:59844 ! R:localhost/127.0.0.1:59836] isIdleTimeoutExpired=false isRemotelyClosed=true isTtlExpired=false
[DEBUG] Closing Idle Channel [id: 0x1240c5b7, L:/127.0.0.1:59844 ! R:localhost/127.0.0.1:59836]
[DEBUG] Adding Candidate expired Channel [id: 0x4eecec5d, L:/127.0.0.1:59835 ! R:localhost/127.0.0.1:46934] isIdleTimeoutExpired=false isRemotelyClosed=true isTtlExpired=false
[DEBUG] Closing Idle Channel [id: 0x4eecec5d, L:/127.0.0.1:59835 ! R:localhost/127.0.0.1:46934]
[DEBUG] Closed 2 connections out of 2 in 0 ms
[DEBUG] Using new Channel '[id: 0xcbeb19b7, L:/127.0.0.1:59858 - R:localhost/127.0.0.1:36979]' for 'POST' to '/session'
[DEBUG] 

Request DefaultHttpRequest(decodeResult: success, version: HTTP/1.1)
POST /session HTTP/1.1
User-Agent: selenium/4.8.3 (java windows)
Content-Length: 439
Content-Type: application/json; charset=utf-8
host: localhost:36979
accept: */*

Response DefaultHttpResponse(decodeResult: success, version: HTTP/1.1)
HTTP/1.1 200 OK
Content-Length: 861
Content-Type: application/json; charset=utf-8
cache-control: no-cache

[DEBUG] Adding key: http://localhost:36979 for channel [id: 0xcbeb19b7, L:/127.0.0.1:59858 - R:localhost/127.0.0.1:36979]
[DEBUG] Using new Channel '[id: 0xe9636e60, L:/127.0.0.1:59866 - R:localhost/127.0.0.1:59859]' for 'GET' to '/json/version'
[DEBUG] 

Request DefaultFullHttpRequest(decodeResult: success, version: HTTP/1.1, content: EmptyByteBufBE)
GET /json/version HTTP/1.1
User-Agent: selenium/4.8.3 (java windows)
host: localhost:59859
accept: */*

Response DefaultHttpResponse(decodeResult: success, version: HTTP/1.1)
HTTP/1.1 200 OK
Content-Security-Policy: frame-ancestors 'none'
Content-Length: 424
Content-Type: application/json; charset=UTF-8

[DEBUG] Adding key: http://localhost:59859 for channel [id: 0xe9636e60, L:/127.0.0.1:59866 - R:localhost/127.0.0.1:59859]
[DEBUG] Using new Channel '[id: 0xba43a4ba, L:/127.0.0.1:59867 - R:localhost/127.0.0.1:59859]' for 'GET' to '/devtools/browser/46882740-65dc-4d5e-9d8c-96cf9a246d5a'
[DEBUG] 

Request DefaultFullHttpRequest(decodeResult: success, version: HTTP/1.1, content: EmptyByteBufBE)
GET /devtools/browser/46882740-65dc-4d5e-9d8c-96cf9a246d5a HTTP/1.1
upgrade: websocket
connection: upgrade
sec-websocket-key: AiBZELcqf3g7fwrzwxqB7A==
sec-websocket-version: 13
origin: http://localhost:59859
host: localhost:59859
accept: */*
user-agent: AHC/2.1

Response DefaultHttpResponse(decodeResult: success, version: HTTP/1.1)
HTTP/1.1 101 WebSocket Protocol Handshake
Upgrade: WebSocket
Connection: Upgrade
Sec-WebSocket-Accept: qzo0yBSbXDN7WbPH2zGH3lRAT90=

[DEBUG] Using pooled Channel '[id: 0xcbeb19b7, L:/127.0.0.1:59858 - R:localhost/127.0.0.1:36979]' for 'POST' to 'http://localhost:36979/session/030323251cd30f3ff49ff39c9e8862e1/window/maximize'
[DEBUG] Using open Channel [id: 0xcbeb19b7, L:/127.0.0.1:59858 - R:localhost/127.0.0.1:36979] for POST '/session/030323251cd30f3ff49ff39c9e8862e1/window/maximize'
[DEBUG] 

Request DefaultHttpRequest(decodeResult: success, version: HTTP/1.1)
POST /session/030323251cd30f3ff49ff39c9e8862e1/window/maximize HTTP/1.1
User-Agent: selenium/4.8.3 (java windows)
Content-Length: 3
Content-Type: application/json; charset=utf-8
host: localhost:36979
accept: */*

Response DefaultHttpResponse(decodeResult: success, version: HTTP/1.1)
HTTP/1.1 200 OK
Content-Length: 51
Content-Type: application/json; charset=utf-8
cache-control: no-cache

[DEBUG] Adding key: http://localhost:36979 for channel [id: 0xcbeb19b7, L:/127.0.0.1:59858 - R:localhost/127.0.0.1:36979]
[DEBUG] Using pooled Channel '[id: 0xcbeb19b7, L:/127.0.0.1:59858 - R:localhost/127.0.0.1:36979]' for 'POST' to 'http://localhost:36979/session/030323251cd30f3ff49ff39c9e8862e1/url'
[DEBUG] Using open Channel [id: 0xcbeb19b7, L:/127.0.0.1:59858 - R:localhost/127.0.0.1:36979] for POST '/session/030323251cd30f3ff49ff39c9e8862e1/url'
[DEBUG] Entry count for : http://localhost:59859 : 1
[DEBUG] Entry count for : http://localhost:59859 : 1
[DEBUG] Entry count for : http://localhost:59859 : 1
[DEBUG] Entry count for : http://localhost:59859 : 1
[DEBUG] Entry count for : http://localhost:59859 : 1
[DEBUG] 

Request DefaultHttpRequest(decodeResult: success, version: HTTP/1.1)
POST /session/030323251cd30f3ff49ff39c9e8862e1/url HTTP/1.1
User-Agent: selenium/4.8.3 (java windows)
Content-Length: 60
Content-Type: application/json; charset=utf-8
host: localhost:36979
accept: */*

Response DefaultHttpResponse(decodeResult: success, version: HTTP/1.1)
HTTP/1.1 200 OK
Content-Length: 14
Content-Type: application/json; charset=utf-8
cache-control: no-cache

[DEBUG] Adding key: http://localhost:36979 for channel [id: 0xcbeb19b7, L:/127.0.0.1:59858 - R:localhost/127.0.0.1:36979]
registerPagestarting test
[DEBUG] Using pooled Channel '[id: 0xcbeb19b7, L:/127.0.0.1:59858 - R:localhost/127.0.0.1:36979]' for 'POST' to 'http://localhost:36979/session/030323251cd30f3ff49ff39c9e8862e1/element'
[DEBUG] Using open Channel [id: 0xcbeb19b7, L:/127.0.0.1:59858 - R:localhost/127.0.0.1:36979] for POST '/session/030323251cd30f3ff49ff39c9e8862e1/element'
[DEBUG] 

Request DefaultHttpRequest(decodeResult: success, version: HTTP/1.1)
POST /session/030323251cd30f3ff49ff39c9e8862e1/element HTTP/1.1
User-Agent: selenium/4.8.3 (java windows)
Content-Length: 51
Content-Type: application/json; charset=utf-8
host: localhost:36979
accept: */*

Response DefaultHttpResponse(decodeResult: success, version: HTTP/1.1)
HTTP/1.1 200 OK
Content-Length: 88
Content-Type: application/json; charset=utf-8
cache-control: no-cache

[DEBUG] Adding key: http://localhost:36979 for channel [id: 0xcbeb19b7, L:/127.0.0.1:59858 - R:localhost/127.0.0.1:36979]
[DEBUG] Using pooled Channel '[id: 0xcbeb19b7, L:/127.0.0.1:59858 - R:localhost/127.0.0.1:36979]' for 'POST' to 'http://localhost:36979/session/030323251cd30f3ff49ff39c9e8862e1/element/b309cabf-c770-4cee-a4dc-29a0f110c95f/click'
[DEBUG] Using open Channel [id: 0xcbeb19b7, L:/127.0.0.1:59858 - R:localhost/127.0.0.1:36979] for POST '/session/030323251cd30f3ff49ff39c9e8862e1/element/b309cabf-c770-4cee-a4dc-29a0f110c95f/click'
[DEBUG] 

Request DefaultHttpRequest(decodeResult: success, version: HTTP/1.1)
POST /session/030323251cd30f3ff49ff39c9e8862e1/element/b309cabf-c770-4cee-a4dc-29a0f110c95f/click HTTP/1.1
User-Agent: selenium/4.8.3 (java windows)
Content-Length: 50
Content-Type: application/json; charset=utf-8
host: localhost:36979
accept: */*

Response DefaultHttpResponse(decodeResult: success, version: HTTP/1.1)
HTTP/1.1 200 OK
Content-Length: 14
Content-Type: application/json; charset=utf-8
cache-control: no-cache

[DEBUG] Adding key: http://localhost:36979 for channel [id: 0xcbeb19b7, L:/127.0.0.1:59858 - R:localhost/127.0.0.1:36979]
[DEBUG] Using pooled Channel '[id: 0xcbeb19b7, L:/127.0.0.1:59858 - R:localhost/127.0.0.1:36979]' for 'POST' to 'http://localhost:36979/session/030323251cd30f3ff49ff39c9e8862e1/element'
[DEBUG] Using open Channel [id: 0xcbeb19b7, L:/127.0.0.1:59858 - R:localhost/127.0.0.1:36979] for POST '/session/030323251cd30f3ff49ff39c9e8862e1/element'
[DEBUG] 

Request DefaultHttpRequest(decodeResult: success, version: HTTP/1.1)
POST /session/030323251cd30f3ff49ff39c9e8862e1/element HTTP/1.1
User-Agent: selenium/4.8.3 (java windows)
Content-Length: 49
Content-Type: application/json; charset=utf-8
host: localhost:36979
accept: */*

Response DefaultHttpResponse(decodeResult: success, version: HTTP/1.1)
HTTP/1.1 200 OK
Content-Length: 88
Content-Type: application/json; charset=utf-8
cache-control: no-cache

[DEBUG] Adding key: http://localhost:36979 for channel [id: 0xcbeb19b7, L:/127.0.0.1:59858 - R:localhost/127.0.0.1:36979]
[DEBUG] Using pooled Channel '[id: 0xcbeb19b7, L:/127.0.0.1:59858 - R:localhost/127.0.0.1:36979]' for 'POST' to 'http://localhost:36979/session/030323251cd30f3ff49ff39c9e8862e1/element/5e8b15bf-9e1d-40e8-89b3-03639375d778/click'
[DEBUG] Using open Channel [id: 0xcbeb19b7, L:/127.0.0.1:59858 - R:localhost/127.0.0.1:36979] for POST '/session/030323251cd30f3ff49ff39c9e8862e1/element/5e8b15bf-9e1d-40e8-89b3-03639375d778/click'
[DEBUG] 

Request DefaultHttpRequest(decodeResult: success, version: HTTP/1.1)
POST /session/030323251cd30f3ff49ff39c9e8862e1/element/5e8b15bf-9e1d-40e8-89b3-03639375d778/click HTTP/1.1
User-Agent: selenium/4.8.3 (java windows)
Content-Length: 50
Content-Type: application/json; charset=utf-8
host: localhost:36979
accept: */*

Response DefaultHttpResponse(decodeResult: success, version: HTTP/1.1)
HTTP/1.1 200 OK
Content-Length: 14
Content-Type: application/json; charset=utf-8
cache-control: no-cache

[DEBUG] Adding key: http://localhost:36979 for channel [id: 0xcbeb19b7, L:/127.0.0.1:59858 - R:localhost/127.0.0.1:36979]
[DEBUG] Using pooled Channel '[id: 0xcbeb19b7, L:/127.0.0.1:59858 - R:localhost/127.0.0.1:36979]' for 'POST' to 'http://localhost:36979/session/030323251cd30f3ff49ff39c9e8862e1/element'
[DEBUG] Using open Channel [id: 0xcbeb19b7, L:/127.0.0.1:59858 - R:localhost/127.0.0.1:36979] for POST '/session/030323251cd30f3ff49ff39c9e8862e1/element'
[DEBUG] Entry count for : http://localhost:59859 : 1
[DEBUG] 

Request DefaultHttpRequest(decodeResult: success, version: HTTP/1.1)
POST /session/030323251cd30f3ff49ff39c9e8862e1/element HTTP/1.1
User-Agent: selenium/4.8.3 (java windows)
Content-Length: 62
Content-Type: application/json; charset=utf-8
host: localhost:36979
accept: */*

Response DefaultHttpResponse(decodeResult: success, version: HTTP/1.1)
HTTP/1.1 200 OK
Content-Length: 88
Content-Type: application/json; charset=utf-8
cache-control: no-cache

[DEBUG] Adding key: http://localhost:36979 for channel [id: 0xcbeb19b7, L:/127.0.0.1:59858 - R:localhost/127.0.0.1:36979]
[DEBUG] Using pooled Channel '[id: 0xcbeb19b7, L:/127.0.0.1:59858 - R:localhost/127.0.0.1:36979]' for 'POST' to 'http://localhost:36979/session/030323251cd30f3ff49ff39c9e8862e1/element/733808ec-3b64-4d9f-95ff-089d19b62b8e/value'
[DEBUG] Using open Channel [id: 0xcbeb19b7, L:/127.0.0.1:59858 - R:localhost/127.0.0.1:36979] for POST '/session/030323251cd30f3ff49ff39c9e8862e1/element/733808ec-3b64-4d9f-95ff-089d19b62b8e/value'
[DEBUG] 

Request DefaultHttpRequest(decodeResult: success, version: HTTP/1.1)
POST /session/030323251cd30f3ff49ff39c9e8862e1/element/733808ec-3b64-4d9f-95ff-089d19b62b8e/value HTTP/1.1
User-Agent: selenium/4.8.3 (java windows)
Content-Length: 161
Content-Type: application/json; charset=utf-8
host: localhost:36979
accept: */*

Response DefaultHttpResponse(decodeResult: success, version: HTTP/1.1)
HTTP/1.1 200 OK
Content-Length: 14
Content-Type: application/json; charset=utf-8
cache-control: no-cache

[DEBUG] Adding key: http://localhost:36979 for channel [id: 0xcbeb19b7, L:/127.0.0.1:59858 - R:localhost/127.0.0.1:36979]
[DEBUG] Using pooled Channel '[id: 0xcbeb19b7, L:/127.0.0.1:59858 - R:localhost/127.0.0.1:36979]' for 'POST' to 'http://localhost:36979/session/030323251cd30f3ff49ff39c9e8862e1/element'
[DEBUG] Using open Channel [id: 0xcbeb19b7, L:/127.0.0.1:59858 - R:localhost/127.0.0.1:36979] for POST '/session/030323251cd30f3ff49ff39c9e8862e1/element'
[DEBUG] 

Request DefaultHttpRequest(decodeResult: success, version: HTTP/1.1)
POST /session/030323251cd30f3ff49ff39c9e8862e1/element HTTP/1.1
User-Agent: selenium/4.8.3 (java windows)
Content-Length: 61
Content-Type: application/json; charset=utf-8
host: localhost:36979
accept: */*

Response DefaultHttpResponse(decodeResult: success, version: HTTP/1.1)
HTTP/1.1 200 OK
Content-Length: 88
Content-Type: application/json; charset=utf-8
cache-control: no-cache

[DEBUG] Adding key: http://localhost:36979 for channel [id: 0xcbeb19b7, L:/127.0.0.1:59858 - R:localhost/127.0.0.1:36979]
[DEBUG] Using pooled Channel '[id: 0xcbeb19b7, L:/127.0.0.1:59858 - R:localhost/127.0.0.1:36979]' for 'POST' to 'http://localhost:36979/session/030323251cd30f3ff49ff39c9e8862e1/element/cafcccf3-0a45-4e47-b2c2-28b5fefbab29/value'
[DEBUG] Using open Channel [id: 0xcbeb19b7, L:/127.0.0.1:59858 - R:localhost/127.0.0.1:36979] for POST '/session/030323251cd30f3ff49ff39c9e8862e1/element/cafcccf3-0a45-4e47-b2c2-28b5fefbab29/value'
[DEBUG] 

Request DefaultHttpRequest(decodeResult: success, version: HTTP/1.1)
POST /session/030323251cd30f3ff49ff39c9e8862e1/element/cafcccf3-0a45-4e47-b2c2-28b5fefbab29/value HTTP/1.1
User-Agent: selenium/4.8.3 (java windows)
Content-Length: 131
Content-Type: application/json; charset=utf-8
host: localhost:36979
accept: */*

Response DefaultHttpResponse(decodeResult: success, version: HTTP/1.1)
HTTP/1.1 200 OK
Content-Length: 14
Content-Type: application/json; charset=utf-8
cache-control: no-cache

[DEBUG] Adding key: http://localhost:36979 for channel [id: 0xcbeb19b7, L:/127.0.0.1:59858 - R:localhost/127.0.0.1:36979]
[DEBUG] Using pooled Channel '[id: 0xcbeb19b7, L:/127.0.0.1:59858 - R:localhost/127.0.0.1:36979]' for 'POST' to 'http://localhost:36979/session/030323251cd30f3ff49ff39c9e8862e1/element'
[DEBUG] Using open Channel [id: 0xcbeb19b7, L:/127.0.0.1:59858 - R:localhost/127.0.0.1:36979] for POST '/session/030323251cd30f3ff49ff39c9e8862e1/element'
[DEBUG] 

Request DefaultHttpRequest(decodeResult: success, version: HTTP/1.1)
POST /session/030323251cd30f3ff49ff39c9e8862e1/element HTTP/1.1
User-Agent: selenium/4.8.3 (java windows)
Content-Length: 58
Content-Type: application/json; charset=utf-8
host: localhost:36979
accept: */*

Response DefaultHttpResponse(decodeResult: success, version: HTTP/1.1)
HTTP/1.1 200 OK
Content-Length: 88
Content-Type: application/json; charset=utf-8
cache-control: no-cache

[DEBUG] Adding key: http://localhost:36979 for channel [id: 0xcbeb19b7, L:/127.0.0.1:59858 - R:localhost/127.0.0.1:36979]
[DEBUG] Using pooled Channel '[id: 0xcbeb19b7, L:/127.0.0.1:59858 - R:localhost/127.0.0.1:36979]' for 'POST' to 'http://localhost:36979/session/030323251cd30f3ff49ff39c9e8862e1/element/8227ce98-dbec-447b-8fd6-3e3dfdfc8251/value'
[DEBUG] Using open Channel [id: 0xcbeb19b7, L:/127.0.0.1:59858 - R:localhost/127.0.0.1:36979] for POST '/session/030323251cd30f3ff49ff39c9e8862e1/element/8227ce98-dbec-447b-8fd6-3e3dfdfc8251/value'
[DEBUG] 

Request DefaultHttpRequest(decodeResult: success, version: HTTP/1.1)
POST /session/030323251cd30f3ff49ff39c9e8862e1/element/8227ce98-dbec-447b-8fd6-3e3dfdfc8251/value HTTP/1.1
User-Agent: selenium/4.8.3 (java windows)
Content-Length: 351
Content-Type: application/json; charset=utf-8
host: localhost:36979
accept: */*

Response DefaultHttpResponse(decodeResult: success, version: HTTP/1.1)
HTTP/1.1 200 OK
Content-Length: 14
Content-Type: application/json; charset=utf-8
cache-control: no-cache

[DEBUG] Adding key: http://localhost:36979 for channel [id: 0xcbeb19b7, L:/127.0.0.1:59858 - R:localhost/127.0.0.1:36979]
[DEBUG] Using pooled Channel '[id: 0xcbeb19b7, L:/127.0.0.1:59858 - R:localhost/127.0.0.1:36979]' for 'POST' to 'http://localhost:36979/session/030323251cd30f3ff49ff39c9e8862e1/element'
[DEBUG] Using open Channel [id: 0xcbeb19b7, L:/127.0.0.1:59858 - R:localhost/127.0.0.1:36979] for POST '/session/030323251cd30f3ff49ff39c9e8862e1/element'
[DEBUG] 

Request DefaultHttpRequest(decodeResult: success, version: HTTP/1.1)
POST /session/030323251cd30f3ff49ff39c9e8862e1/element HTTP/1.1
User-Agent: selenium/4.8.3 (java windows)
Content-Length: 62
Content-Type: application/json; charset=utf-8
host: localhost:36979
accept: */*

Response DefaultHttpResponse(decodeResult: success, version: HTTP/1.1)
HTTP/1.1 200 OK
Content-Length: 88
Content-Type: application/json; charset=utf-8
cache-control: no-cache

[DEBUG] Adding key: http://localhost:36979 for channel [id: 0xcbeb19b7, L:/127.0.0.1:59858 - R:localhost/127.0.0.1:36979]
[DEBUG] Using pooled Channel '[id: 0xcbeb19b7, L:/127.0.0.1:59858 - R:localhost/127.0.0.1:36979]' for 'POST' to 'http://localhost:36979/session/030323251cd30f3ff49ff39c9e8862e1/element/e66dc648-4209-4f85-983e-a6b91d804145/value'
[DEBUG] Using open Channel [id: 0xcbeb19b7, L:/127.0.0.1:59858 - R:localhost/127.0.0.1:36979] for POST '/session/030323251cd30f3ff49ff39c9e8862e1/element/e66dc648-4209-4f85-983e-a6b91d804145/value'
[DEBUG] 

Request DefaultHttpRequest(decodeResult: success, version: HTTP/1.1)
POST /session/030323251cd30f3ff49ff39c9e8862e1/element/e66dc648-4209-4f85-983e-a6b91d804145/value HTTP/1.1
User-Agent: selenium/4.8.3 (java windows)
Content-Length: 181
Content-Type: application/json; charset=utf-8
host: localhost:36979
accept: */*

Response DefaultHttpResponse(decodeResult: success, version: HTTP/1.1)
HTTP/1.1 200 OK
Content-Length: 14
Content-Type: application/json; charset=utf-8
cache-control: no-cache

[DEBUG] Adding key: http://localhost:36979 for channel [id: 0xcbeb19b7, L:/127.0.0.1:59858 - R:localhost/127.0.0.1:36979]
[DEBUG] Using pooled Channel '[id: 0xcbeb19b7, L:/127.0.0.1:59858 - R:localhost/127.0.0.1:36979]' for 'POST' to 'http://localhost:36979/session/030323251cd30f3ff49ff39c9e8862e1/element'
[DEBUG] Using open Channel [id: 0xcbeb19b7, L:/127.0.0.1:59858 - R:localhost/127.0.0.1:36979] for POST '/session/030323251cd30f3ff49ff39c9e8862e1/element'
[DEBUG] 

Request DefaultHttpRequest(decodeResult: success, version: HTTP/1.1)
POST /session/030323251cd30f3ff49ff39c9e8862e1/element HTTP/1.1
User-Agent: selenium/4.8.3 (java windows)
Content-Length: 61
Content-Type: application/json; charset=utf-8
host: localhost:36979
accept: */*

Response DefaultHttpResponse(decodeResult: success, version: HTTP/1.1)
HTTP/1.1 200 OK
Content-Length: 88
Content-Type: application/json; charset=utf-8
cache-control: no-cache

[DEBUG] Adding key: http://localhost:36979 for channel [id: 0xcbeb19b7, L:/127.0.0.1:59858 - R:localhost/127.0.0.1:36979]
[DEBUG] Using pooled Channel '[id: 0xcbeb19b7, L:/127.0.0.1:59858 - R:localhost/127.0.0.1:36979]' for 'POST' to 'http://localhost:36979/session/030323251cd30f3ff49ff39c9e8862e1/element/0d0e8522-a896-41e3-9098-efffd4774f20/value'
[DEBUG] Using open Channel [id: 0xcbeb19b7, L:/127.0.0.1:59858 - R:localhost/127.0.0.1:36979] for POST '/session/030323251cd30f3ff49ff39c9e8862e1/element/0d0e8522-a896-41e3-9098-efffd4774f20/value'
[DEBUG] 

Request DefaultHttpRequest(decodeResult: success, version: HTTP/1.1)
POST /session/030323251cd30f3ff49ff39c9e8862e1/element/0d0e8522-a896-41e3-9098-efffd4774f20/value HTTP/1.1
User-Agent: selenium/4.8.3 (java windows)
Content-Length: 201
Content-Type: application/json; charset=utf-8
host: localhost:36979
accept: */*

Response DefaultHttpResponse(decodeResult: success, version: HTTP/1.1)
HTTP/1.1 200 OK
Content-Length: 14
Content-Type: application/json; charset=utf-8
cache-control: no-cache

[DEBUG] Adding key: http://localhost:36979 for channel [id: 0xcbeb19b7, L:/127.0.0.1:59858 - R:localhost/127.0.0.1:36979]
[DEBUG] Using pooled Channel '[id: 0xcbeb19b7, L:/127.0.0.1:59858 - R:localhost/127.0.0.1:36979]' for 'POST' to 'http://localhost:36979/session/030323251cd30f3ff49ff39c9e8862e1/element'
[DEBUG] Using open Channel [id: 0xcbeb19b7, L:/127.0.0.1:59858 - R:localhost/127.0.0.1:36979] for POST '/session/030323251cd30f3ff49ff39c9e8862e1/element'
[DEBUG] 

Request DefaultHttpRequest(decodeResult: success, version: HTTP/1.1)
POST /session/030323251cd30f3ff49ff39c9e8862e1/element HTTP/1.1
User-Agent: selenium/4.8.3 (java windows)
Content-Length: 60
Content-Type: application/json; charset=utf-8
host: localhost:36979
accept: */*

Response DefaultHttpResponse(decodeResult: success, version: HTTP/1.1)
HTTP/1.1 200 OK
Content-Length: 88
Content-Type: application/json; charset=utf-8
cache-control: no-cache

[DEBUG] Adding key: http://localhost:36979 for channel [id: 0xcbeb19b7, L:/127.0.0.1:59858 - R:localhost/127.0.0.1:36979]
[DEBUG] Using pooled Channel '[id: 0xcbeb19b7, L:/127.0.0.1:59858 - R:localhost/127.0.0.1:36979]' for 'POST' to 'http://localhost:36979/session/030323251cd30f3ff49ff39c9e8862e1/element/1651aed0-c1b0-4d68-a848-6e910b3fda2d/value'
[DEBUG] Using open Channel [id: 0xcbeb19b7, L:/127.0.0.1:59858 - R:localhost/127.0.0.1:36979] for POST '/session/030323251cd30f3ff49ff39c9e8862e1/element/1651aed0-c1b0-4d68-a848-6e910b3fda2d/value'
[DEBUG] 

Request DefaultHttpRequest(decodeResult: success, version: HTTP/1.1)
POST /session/030323251cd30f3ff49ff39c9e8862e1/element/1651aed0-c1b0-4d68-a848-6e910b3fda2d/value HTTP/1.1
User-Agent: selenium/4.8.3 (java windows)
Content-Length: 201
Content-Type: application/json; charset=utf-8
host: localhost:36979
accept: */*

Response DefaultHttpResponse(decodeResult: success, version: HTTP/1.1)
HTTP/1.1 200 OK
Content-Length: 14
Content-Type: application/json; charset=utf-8
cache-control: no-cache

[DEBUG] Adding key: http://localhost:36979 for channel [id: 0xcbeb19b7, L:/127.0.0.1:59858 - R:localhost/127.0.0.1:36979]
[DEBUG] Using pooled Channel '[id: 0xcbeb19b7, L:/127.0.0.1:59858 - R:localhost/127.0.0.1:36979]' for 'POST' to 'http://localhost:36979/session/030323251cd30f3ff49ff39c9e8862e1/element'
[DEBUG] Using open Channel [id: 0xcbeb19b7, L:/127.0.0.1:59858 - R:localhost/127.0.0.1:36979] for POST '/session/030323251cd30f3ff49ff39c9e8862e1/element'
[DEBUG] 

Request DefaultHttpRequest(decodeResult: success, version: HTTP/1.1)
POST /session/030323251cd30f3ff49ff39c9e8862e1/element HTTP/1.1
User-Agent: selenium/4.8.3 (java windows)
Content-Length: 59
Content-Type: application/json; charset=utf-8
host: localhost:36979
accept: */*

Response DefaultHttpResponse(decodeResult: success, version: HTTP/1.1)
HTTP/1.1 200 OK
Content-Length: 88
Content-Type: application/json; charset=utf-8
cache-control: no-cache

[DEBUG] Adding key: http://localhost:36979 for channel [id: 0xcbeb19b7, L:/127.0.0.1:59858 - R:localhost/127.0.0.1:36979]
[DEBUG] Using pooled Channel '[id: 0xcbeb19b7, L:/127.0.0.1:59858 - R:localhost/127.0.0.1:36979]' for 'POST' to 'http://localhost:36979/session/030323251cd30f3ff49ff39c9e8862e1/element/48495c1f-cb5a-4ec3-abcd-b7d094b53331/click'
[DEBUG] Using open Channel [id: 0xcbeb19b7, L:/127.0.0.1:59858 - R:localhost/127.0.0.1:36979] for POST '/session/030323251cd30f3ff49ff39c9e8862e1/element/48495c1f-cb5a-4ec3-abcd-b7d094b53331/click'
[DEBUG] 

Request DefaultHttpRequest(decodeResult: success, version: HTTP/1.1)
POST /session/030323251cd30f3ff49ff39c9e8862e1/element/48495c1f-cb5a-4ec3-abcd-b7d094b53331/click HTTP/1.1
User-Agent: selenium/4.8.3 (java windows)
Content-Length: 50
Content-Type: application/json; charset=utf-8
host: localhost:36979
accept: */*

Response DefaultHttpResponse(decodeResult: success, version: HTTP/1.1)
HTTP/1.1 200 OK
Content-Length: 14
Content-Type: application/json; charset=utf-8
cache-control: no-cache

[DEBUG] Adding key: http://localhost:36979 for channel [id: 0xcbeb19b7, L:/127.0.0.1:59858 - R:localhost/127.0.0.1:36979]
[DEBUG] Using pooled Channel '[id: 0xcbeb19b7, L:/127.0.0.1:59858 - R:localhost/127.0.0.1:36979]' for 'POST' to 'http://localhost:36979/session/030323251cd30f3ff49ff39c9e8862e1/element'
[DEBUG] Using open Channel [id: 0xcbeb19b7, L:/127.0.0.1:59858 - R:localhost/127.0.0.1:36979] for POST '/session/030323251cd30f3ff49ff39c9e8862e1/element'
[DEBUG] 

Request DefaultHttpRequest(decodeResult: success, version: HTTP/1.1)
POST /session/030323251cd30f3ff49ff39c9e8862e1/element HTTP/1.1
User-Agent: selenium/4.8.3 (java windows)
Content-Length: 65
Content-Type: application/json; charset=utf-8
host: localhost:36979
accept: */*

Response DefaultHttpResponse(decodeResult: success, version: HTTP/1.1)
HTTP/1.1 200 OK
Content-Length: 88
Content-Type: application/json; charset=utf-8
cache-control: no-cache

[DEBUG] Adding key: http://localhost:36979 for channel [id: 0xcbeb19b7, L:/127.0.0.1:59858 - R:localhost/127.0.0.1:36979]
[DEBUG] Using pooled Channel '[id: 0xcbeb19b7, L:/127.0.0.1:59858 - R:localhost/127.0.0.1:36979]' for 'POST' to 'http://localhost:36979/session/030323251cd30f3ff49ff39c9e8862e1/element/4c889e0d-6f29-499f-a1c5-5af8c53120db/click'
[DEBUG] Using open Channel [id: 0xcbeb19b7, L:/127.0.0.1:59858 - R:localhost/127.0.0.1:36979] for POST '/session/030323251cd30f3ff49ff39c9e8862e1/element/4c889e0d-6f29-499f-a1c5-5af8c53120db/click'
[DEBUG] Entry count for : http://localhost:59859 : 1
[DEBUG] 

Request DefaultHttpRequest(decodeResult: success, version: HTTP/1.1)
POST /session/030323251cd30f3ff49ff39c9e8862e1/element/4c889e0d-6f29-499f-a1c5-5af8c53120db/click HTTP/1.1
User-Agent: selenium/4.8.3 (java windows)
Content-Length: 50
Content-Type: application/json; charset=utf-8
host: localhost:36979
accept: */*

Response DefaultHttpResponse(decodeResult: success, version: HTTP/1.1)
HTTP/1.1 200 OK
Content-Length: 14
Content-Type: application/json; charset=utf-8
cache-control: no-cache

[DEBUG] Adding key: http://localhost:36979 for channel [id: 0xcbeb19b7, L:/127.0.0.1:59858 - R:localhost/127.0.0.1:36979]
registerPagepassed
]]></system-out>
    <system-err><![CDATA[Starting ChromeDriver 112.0.5615.49 (bd2a7bcb881c11e8cfe3078709382934e3916914-refs/branch-heads/5615@{#936}) on port 36979
Only local connections are allowed.
Please see https://chromedriver.chromium.org/security-considerations for suggestions on keeping ChromeDriver safe.
ChromeDriver was started successfully.
Apr 25, 2023 9:12:22 AM org.openqa.selenium.devtools.CdpVersionFinder findNearestMatch
WARNING: Unable to find an exact match for CDP version 112, so returning the closest version found: 111
]]></system-err>
  </testcase>
  <testcase name="method2" classname="com.automationcode_9th_April_2023.Demo2" time="0">
    <system-out><![CDATA[[DEBUG] Channel Closed: [id: 0xba43a4ba, L:/127.0.0.1:59867 ! R:localhost/127.0.0.1:59859] with attribute NettyResponseFuture{currentRetry=0,
	isDone=1,
	isCancelled=0,
	asyncHandler=org.asynchttpclient.ws.WebSocketUpgradeHandler@6ccd8233,
	nettyRequest=org.asynchttpclient.netty.request.NettyRequest@29cf01ce,
	future=java.util.concurrent.CompletableFuture@60f98a45[Completed normally],
	uri=ws://localhost:59859/devtools/browser/46882740-65dc-4d5e-9d8c-96cf9a246d5a,
	keepAlive=true,
	redirectCount=0,
	timeoutsHolder=null,
	inAuth=0,
	touch=1682428342690}
[DEBUG] Closing Channel [id: 0xba43a4ba, L:/127.0.0.1:59867 ! R:localhost/127.0.0.1:59859] 
[DEBUG] Using pooled Channel '[id: 0xcbeb19b7, L:/127.0.0.1:59858 - R:localhost/127.0.0.1:36979]' for 'DELETE' to 'http://localhost:36979/session/030323251cd30f3ff49ff39c9e8862e1'
[DEBUG] Using open Channel [id: 0xcbeb19b7, L:/127.0.0.1:59858 - R:localhost/127.0.0.1:36979] for DELETE '/session/030323251cd30f3ff49ff39c9e8862e1'
[DEBUG] Unexpected I/O exception on channel [id: 0xe9636e60, L:/127.0.0.1:59866 - R:localhost/127.0.0.1:59859]
java.io.IOException: An existing connection was forcibly closed by the remote host
	at sun.nio.ch.SocketDispatcher.read0(Native Method) ~[na:1.8.0_351]
	at sun.nio.ch.SocketDispatcher.read(SocketDispatcher.java:43) ~[na:1.8.0_351]
	at sun.nio.ch.IOUtil.readIntoNativeBuffer(IOUtil.java:223) ~[na:1.8.0_351]
	at sun.nio.ch.IOUtil.read(IOUtil.java:192) ~[na:1.8.0_351]
	at sun.nio.ch.SocketChannelImpl.read(SocketChannelImpl.java:378) ~[na:1.8.0_351]
	at io.netty.buffer.PooledByteBuf.setBytes(PooledByteBuf.java:256) ~[netty-buffer-4.1.90.Final.jar:4.1.90.Final]
	at io.netty.buffer.AbstractByteBuf.writeBytes(AbstractByteBuf.java:1132) ~[netty-buffer-4.1.90.Final.jar:4.1.90.Final]
	at io.netty.channel.socket.nio.NioSocketChannel.doReadBytes(NioSocketChannel.java:357) ~[netty-transport-4.1.90.Final.jar:4.1.90.Final]
	at io.netty.channel.nio.AbstractNioByteChannel$NioByteUnsafe.read(AbstractNioByteChannel.java:151) ~[netty-transport-4.1.90.Final.jar:4.1.90.Final]
	at io.netty.channel.nio.NioEventLoop.processSelectedKey(NioEventLoop.java:788) [netty-transport-4.1.90.Final.jar:4.1.90.Final]
	at io.netty.channel.nio.NioEventLoop.processSelectedKeysOptimized(NioEventLoop.java:724) [netty-transport-4.1.90.Final.jar:4.1.90.Final]
	at io.netty.channel.nio.NioEventLoop.processSelectedKeys(NioEventLoop.java:650) [netty-transport-4.1.90.Final.jar:4.1.90.Final]
	at io.netty.channel.nio.NioEventLoop.run(NioEventLoop.java:562) [netty-transport-4.1.90.Final.jar:4.1.90.Final]
	at io.netty.util.concurrent.SingleThreadEventExecutor$4.run(SingleThreadEventExecutor.java:997) [netty-common-4.1.90.Final.jar:4.1.90.Final]
	at io.netty.util.internal.ThreadExecutorMap$2.run(ThreadExecutorMap.java:74) [netty-common-4.1.90.Final.jar:4.1.90.Final]
	at io.netty.util.concurrent.FastThreadLocalRunnable.run(FastThreadLocalRunnable.java:30) [netty-common-4.1.90.Final.jar:4.1.90.Final]
	at java.lang.Thread.run(Thread.java:750) [na:1.8.0_351]
[DEBUG] Closing Channel [id: 0xe9636e60, L:/127.0.0.1:59866 - R:localhost/127.0.0.1:59859] 
[DEBUG] Channel Closed: [id: 0xe9636e60, L:/127.0.0.1:59866 ! R:localhost/127.0.0.1:59859] with attribute DISCARD
[DEBUG] 

Request DefaultFullHttpRequest(decodeResult: success, version: HTTP/1.1, content: EmptyByteBufBE)
DELETE /session/030323251cd30f3ff49ff39c9e8862e1 HTTP/1.1
User-Agent: selenium/4.8.3 (java windows)
Content-Type: application/json; charset=utf-8
host: localhost:36979
accept: */*

Response DefaultHttpResponse(decodeResult: success, version: HTTP/1.1)
HTTP/1.1 200 OK
Content-Length: 14
Content-Type: application/json; charset=utf-8
cache-control: no-cache

[DEBUG] Adding key: http://localhost:36979 for channel [id: 0xcbeb19b7, L:/127.0.0.1:59858 - R:localhost/127.0.0.1:36979]
[DEBUG] Channel Closed: [id: 0xcbeb19b7, L:/127.0.0.1:59858 ! R:localhost/127.0.0.1:36979] with attribute DISCARD
method2starting test
M2
method2passed
]]></system-out>
  </testcase>
  <testcase name="method22" classname="com.automationcode_9th_April_2023.Demo2" time="0.001">
    <system-out><![CDATA[method22starting test
M22
method22passed
]]></system-out>
  </testcase>
  <testcase name="method222" classname="com.automationcode_9th_April_2023.Demo2" time="0.001">
    <system-out><![CDATA[method222starting test
M222
method222passed
]]></system-out>
  </testcase>
  <testcase name="TutorialsNinjaRegister" classname="com.automationcode_15th_April_2023.TNListenerRegisterTest" time="2.51">
    <system-out><![CDATA[[DEBUG] Entry count for : http://localhost:36979 : 1
[DEBUG] Entry count for : http://localhost:59859 : 1
[DEBUG] Adding Candidate expired Channel [id: 0xcbeb19b7, L:/127.0.0.1:59858 ! R:localhost/127.0.0.1:36979] isIdleTimeoutExpired=false isRemotelyClosed=true isTtlExpired=false
[DEBUG] Closing Idle Channel [id: 0xcbeb19b7, L:/127.0.0.1:59858 ! R:localhost/127.0.0.1:36979]
[DEBUG] Adding Candidate expired Channel [id: 0xe9636e60, L:/127.0.0.1:59866 ! R:localhost/127.0.0.1:59859] isIdleTimeoutExpired=false isRemotelyClosed=true isTtlExpired=false
[DEBUG] Closing Idle Channel [id: 0xe9636e60, L:/127.0.0.1:59866 ! R:localhost/127.0.0.1:59859]
[DEBUG] Closed 2 connections out of 2 in 0 ms
[DEBUG] Using new Channel '[id: 0x12fee490, L:/127.0.0.1:59880 - R:localhost/127.0.0.1:39929]' for 'POST' to '/session'
[DEBUG] 

Request DefaultHttpRequest(decodeResult: success, version: HTTP/1.1)
POST /session HTTP/1.1
User-Agent: selenium/4.8.3 (java windows)
Content-Length: 439
Content-Type: application/json; charset=utf-8
host: localhost:39929
accept: */*

Response DefaultHttpResponse(decodeResult: success, version: HTTP/1.1)
HTTP/1.1 200 OK
Content-Length: 857
Content-Type: application/json; charset=utf-8
cache-control: no-cache

[DEBUG] Adding key: http://localhost:39929 for channel [id: 0x12fee490, L:/127.0.0.1:59880 - R:localhost/127.0.0.1:39929]
[DEBUG] Using new Channel '[id: 0x542862d0, L:/127.0.0.1:59887 - R:localhost/127.0.0.1:59881]' for 'GET' to '/json/version'
[DEBUG] 

Request DefaultFullHttpRequest(decodeResult: success, version: HTTP/1.1, content: EmptyByteBufBE)
GET /json/version HTTP/1.1
User-Agent: selenium/4.8.3 (java windows)
host: localhost:59881
accept: */*

Response DefaultHttpResponse(decodeResult: success, version: HTTP/1.1)
HTTP/1.1 200 OK
Content-Security-Policy: frame-ancestors 'none'
Content-Length: 424
Content-Type: application/json; charset=UTF-8

[DEBUG] Adding key: http://localhost:59881 for channel [id: 0x542862d0, L:/127.0.0.1:59887 - R:localhost/127.0.0.1:59881]
[DEBUG] Using new Channel '[id: 0xd6c88d82, L:/127.0.0.1:59888 - R:localhost/127.0.0.1:59881]' for 'GET' to '/devtools/browser/a83625db-7aef-497c-ad8c-c4180b19c291'
[DEBUG] 

Request DefaultFullHttpRequest(decodeResult: success, version: HTTP/1.1, content: EmptyByteBufBE)
GET /devtools/browser/a83625db-7aef-497c-ad8c-c4180b19c291 HTTP/1.1
upgrade: websocket
connection: upgrade
sec-websocket-key: 6xLpQ0vp/pI7oyXg7p/LqA==
sec-websocket-version: 13
origin: http://localhost:59881
host: localhost:59881
accept: */*
user-agent: AHC/2.1

Response DefaultHttpResponse(decodeResult: success, version: HTTP/1.1)
HTTP/1.1 101 WebSocket Protocol Handshake
Upgrade: WebSocket
Connection: Upgrade
Sec-WebSocket-Accept: gzzoJTJNaGwoH1kZ3YQ05t/FAks=

[DEBUG] Using pooled Channel '[id: 0x12fee490, L:/127.0.0.1:59880 - R:localhost/127.0.0.1:39929]' for 'POST' to 'http://localhost:39929/session/bd8e730f89de8b5114f84cf54bc7ce1f/window/maximize'
[DEBUG] Using open Channel [id: 0x12fee490, L:/127.0.0.1:59880 - R:localhost/127.0.0.1:39929] for POST '/session/bd8e730f89de8b5114f84cf54bc7ce1f/window/maximize'
[DEBUG] 

Request DefaultHttpRequest(decodeResult: success, version: HTTP/1.1)
POST /session/bd8e730f89de8b5114f84cf54bc7ce1f/window/maximize HTTP/1.1
User-Agent: selenium/4.8.3 (java windows)
Content-Length: 3
Content-Type: application/json; charset=utf-8
host: localhost:39929
accept: */*

Response DefaultHttpResponse(decodeResult: success, version: HTTP/1.1)
HTTP/1.1 200 OK
Content-Length: 51
Content-Type: application/json; charset=utf-8
cache-control: no-cache

[DEBUG] Adding key: http://localhost:39929 for channel [id: 0x12fee490, L:/127.0.0.1:59880 - R:localhost/127.0.0.1:39929]
[DEBUG] Using pooled Channel '[id: 0x12fee490, L:/127.0.0.1:59880 - R:localhost/127.0.0.1:39929]' for 'POST' to 'http://localhost:39929/session/bd8e730f89de8b5114f84cf54bc7ce1f/url'
[DEBUG] Using open Channel [id: 0x12fee490, L:/127.0.0.1:59880 - R:localhost/127.0.0.1:39929] for POST '/session/bd8e730f89de8b5114f84cf54bc7ce1f/url'
[DEBUG] Entry count for : http://localhost:59881 : 1
[DEBUG] Entry count for : http://localhost:59881 : 1
[DEBUG] Entry count for : http://localhost:59881 : 1
[DEBUG] Entry count for : http://localhost:59881 : 1
[DEBUG] 

Request DefaultHttpRequest(decodeResult: success, version: HTTP/1.1)
POST /session/bd8e730f89de8b5114f84cf54bc7ce1f/url HTTP/1.1
User-Agent: selenium/4.8.3 (java windows)
Content-Length: 60
Content-Type: application/json; charset=utf-8
host: localhost:39929
accept: */*

Response DefaultHttpResponse(decodeResult: success, version: HTTP/1.1)
HTTP/1.1 200 OK
Content-Length: 14
Content-Type: application/json; charset=utf-8
cache-control: no-cache

[DEBUG] Adding key: http://localhost:39929 for channel [id: 0x12fee490, L:/127.0.0.1:59880 - R:localhost/127.0.0.1:39929]
TutorialsNinjaRegisterstarting test
[DEBUG] Using pooled Channel '[id: 0x12fee490, L:/127.0.0.1:59880 - R:localhost/127.0.0.1:39929]' for 'POST' to 'http://localhost:39929/session/bd8e730f89de8b5114f84cf54bc7ce1f/element'
[DEBUG] Using open Channel [id: 0x12fee490, L:/127.0.0.1:59880 - R:localhost/127.0.0.1:39929] for POST '/session/bd8e730f89de8b5114f84cf54bc7ce1f/element'
[DEBUG] 

Request DefaultHttpRequest(decodeResult: success, version: HTTP/1.1)
POST /session/bd8e730f89de8b5114f84cf54bc7ce1f/element HTTP/1.1
User-Agent: selenium/4.8.3 (java windows)
Content-Length: 51
Content-Type: application/json; charset=utf-8
host: localhost:39929
accept: */*

Response DefaultHttpResponse(decodeResult: success, version: HTTP/1.1)
HTTP/1.1 200 OK
Content-Length: 88
Content-Type: application/json; charset=utf-8
cache-control: no-cache

[DEBUG] Adding key: http://localhost:39929 for channel [id: 0x12fee490, L:/127.0.0.1:59880 - R:localhost/127.0.0.1:39929]
[DEBUG] Using pooled Channel '[id: 0x12fee490, L:/127.0.0.1:59880 - R:localhost/127.0.0.1:39929]' for 'POST' to 'http://localhost:39929/session/bd8e730f89de8b5114f84cf54bc7ce1f/element/d7de7ef0-4a0a-4cec-8a53-bd03b1d12383/click'
[DEBUG] Using open Channel [id: 0x12fee490, L:/127.0.0.1:59880 - R:localhost/127.0.0.1:39929] for POST '/session/bd8e730f89de8b5114f84cf54bc7ce1f/element/d7de7ef0-4a0a-4cec-8a53-bd03b1d12383/click'
[DEBUG] 

Request DefaultHttpRequest(decodeResult: success, version: HTTP/1.1)
POST /session/bd8e730f89de8b5114f84cf54bc7ce1f/element/d7de7ef0-4a0a-4cec-8a53-bd03b1d12383/click HTTP/1.1
User-Agent: selenium/4.8.3 (java windows)
Content-Length: 50
Content-Type: application/json; charset=utf-8
host: localhost:39929
accept: */*

Response DefaultHttpResponse(decodeResult: success, version: HTTP/1.1)
HTTP/1.1 200 OK
Content-Length: 14
Content-Type: application/json; charset=utf-8
cache-control: no-cache

[DEBUG] Adding key: http://localhost:39929 for channel [id: 0x12fee490, L:/127.0.0.1:59880 - R:localhost/127.0.0.1:39929]
[DEBUG] Using pooled Channel '[id: 0x12fee490, L:/127.0.0.1:59880 - R:localhost/127.0.0.1:39929]' for 'POST' to 'http://localhost:39929/session/bd8e730f89de8b5114f84cf54bc7ce1f/element'
[DEBUG] Using open Channel [id: 0x12fee490, L:/127.0.0.1:59880 - R:localhost/127.0.0.1:39929] for POST '/session/bd8e730f89de8b5114f84cf54bc7ce1f/element'
[DEBUG] 

Request DefaultHttpRequest(decodeResult: success, version: HTTP/1.1)
POST /session/bd8e730f89de8b5114f84cf54bc7ce1f/element HTTP/1.1
User-Agent: selenium/4.8.3 (java windows)
Content-Length: 49
Content-Type: application/json; charset=utf-8
host: localhost:39929
accept: */*

Response DefaultHttpResponse(decodeResult: success, version: HTTP/1.1)
HTTP/1.1 200 OK
Content-Length: 88
Content-Type: application/json; charset=utf-8
cache-control: no-cache

[DEBUG] Adding key: http://localhost:39929 for channel [id: 0x12fee490, L:/127.0.0.1:59880 - R:localhost/127.0.0.1:39929]
[DEBUG] Using pooled Channel '[id: 0x12fee490, L:/127.0.0.1:59880 - R:localhost/127.0.0.1:39929]' for 'POST' to 'http://localhost:39929/session/bd8e730f89de8b5114f84cf54bc7ce1f/element/3bdbe05b-48a1-4edc-ab79-534171fb8b5b/click'
[DEBUG] Using open Channel [id: 0x12fee490, L:/127.0.0.1:59880 - R:localhost/127.0.0.1:39929] for POST '/session/bd8e730f89de8b5114f84cf54bc7ce1f/element/3bdbe05b-48a1-4edc-ab79-534171fb8b5b/click'
[DEBUG] Entry count for : http://localhost:59881 : 1
[DEBUG] 

Request DefaultHttpRequest(decodeResult: success, version: HTTP/1.1)
POST /session/bd8e730f89de8b5114f84cf54bc7ce1f/element/3bdbe05b-48a1-4edc-ab79-534171fb8b5b/click HTTP/1.1
User-Agent: selenium/4.8.3 (java windows)
Content-Length: 50
Content-Type: application/json; charset=utf-8
host: localhost:39929
accept: */*

Response DefaultHttpResponse(decodeResult: success, version: HTTP/1.1)
HTTP/1.1 200 OK
Content-Length: 14
Content-Type: application/json; charset=utf-8
cache-control: no-cache

[DEBUG] Adding key: http://localhost:39929 for channel [id: 0x12fee490, L:/127.0.0.1:59880 - R:localhost/127.0.0.1:39929]
[DEBUG] Using pooled Channel '[id: 0x12fee490, L:/127.0.0.1:59880 - R:localhost/127.0.0.1:39929]' for 'POST' to 'http://localhost:39929/session/bd8e730f89de8b5114f84cf54bc7ce1f/element'
[DEBUG] Using open Channel [id: 0x12fee490, L:/127.0.0.1:59880 - R:localhost/127.0.0.1:39929] for POST '/session/bd8e730f89de8b5114f84cf54bc7ce1f/element'
[DEBUG] 

Request DefaultHttpRequest(decodeResult: success, version: HTTP/1.1)
POST /session/bd8e730f89de8b5114f84cf54bc7ce1f/element HTTP/1.1
User-Agent: selenium/4.8.3 (java windows)
Content-Length: 62
Content-Type: application/json; charset=utf-8
host: localhost:39929
accept: */*

Response DefaultHttpResponse(decodeResult: success, version: HTTP/1.1)
HTTP/1.1 200 OK
Content-Length: 88
Content-Type: application/json; charset=utf-8
cache-control: no-cache

[DEBUG] Adding key: http://localhost:39929 for channel [id: 0x12fee490, L:/127.0.0.1:59880 - R:localhost/127.0.0.1:39929]
[DEBUG] Using pooled Channel '[id: 0x12fee490, L:/127.0.0.1:59880 - R:localhost/127.0.0.1:39929]' for 'POST' to 'http://localhost:39929/session/bd8e730f89de8b5114f84cf54bc7ce1f/element/8d86ca81-f960-472d-b186-aae3db7a424a/value'
[DEBUG] Using open Channel [id: 0x12fee490, L:/127.0.0.1:59880 - R:localhost/127.0.0.1:39929] for POST '/session/bd8e730f89de8b5114f84cf54bc7ce1f/element/8d86ca81-f960-472d-b186-aae3db7a424a/value'
[DEBUG] 

Request DefaultHttpRequest(decodeResult: success, version: HTTP/1.1)
POST /session/bd8e730f89de8b5114f84cf54bc7ce1f/element/8d86ca81-f960-472d-b186-aae3db7a424a/value HTTP/1.1
User-Agent: selenium/4.8.3 (java windows)
Content-Length: 161
Content-Type: application/json; charset=utf-8
host: localhost:39929
accept: */*

Response DefaultHttpResponse(decodeResult: success, version: HTTP/1.1)
HTTP/1.1 200 OK
Content-Length: 14
Content-Type: application/json; charset=utf-8
cache-control: no-cache

[DEBUG] Adding key: http://localhost:39929 for channel [id: 0x12fee490, L:/127.0.0.1:59880 - R:localhost/127.0.0.1:39929]
[DEBUG] Using pooled Channel '[id: 0x12fee490, L:/127.0.0.1:59880 - R:localhost/127.0.0.1:39929]' for 'POST' to 'http://localhost:39929/session/bd8e730f89de8b5114f84cf54bc7ce1f/element'
[DEBUG] Using open Channel [id: 0x12fee490, L:/127.0.0.1:59880 - R:localhost/127.0.0.1:39929] for POST '/session/bd8e730f89de8b5114f84cf54bc7ce1f/element'
[DEBUG] 

Request DefaultHttpRequest(decodeResult: success, version: HTTP/1.1)
POST /session/bd8e730f89de8b5114f84cf54bc7ce1f/element HTTP/1.1
User-Agent: selenium/4.8.3 (java windows)
Content-Length: 61
Content-Type: application/json; charset=utf-8
host: localhost:39929
accept: */*

Response DefaultHttpResponse(decodeResult: success, version: HTTP/1.1)
HTTP/1.1 200 OK
Content-Length: 88
Content-Type: application/json; charset=utf-8
cache-control: no-cache

[DEBUG] Adding key: http://localhost:39929 for channel [id: 0x12fee490, L:/127.0.0.1:59880 - R:localhost/127.0.0.1:39929]
[DEBUG] Using pooled Channel '[id: 0x12fee490, L:/127.0.0.1:59880 - R:localhost/127.0.0.1:39929]' for 'POST' to 'http://localhost:39929/session/bd8e730f89de8b5114f84cf54bc7ce1f/element/9f46bd3f-87f4-4c45-9b11-d07150636fce/value'
[DEBUG] Using open Channel [id: 0x12fee490, L:/127.0.0.1:59880 - R:localhost/127.0.0.1:39929] for POST '/session/bd8e730f89de8b5114f84cf54bc7ce1f/element/9f46bd3f-87f4-4c45-9b11-d07150636fce/value'
[DEBUG] 

Request DefaultHttpRequest(decodeResult: success, version: HTTP/1.1)
POST /session/bd8e730f89de8b5114f84cf54bc7ce1f/element/9f46bd3f-87f4-4c45-9b11-d07150636fce/value HTTP/1.1
User-Agent: selenium/4.8.3 (java windows)
Content-Length: 131
Content-Type: application/json; charset=utf-8
host: localhost:39929
accept: */*

Response DefaultHttpResponse(decodeResult: success, version: HTTP/1.1)
HTTP/1.1 200 OK
Content-Length: 14
Content-Type: application/json; charset=utf-8
cache-control: no-cache

[DEBUG] Adding key: http://localhost:39929 for channel [id: 0x12fee490, L:/127.0.0.1:59880 - R:localhost/127.0.0.1:39929]
[DEBUG] Using pooled Channel '[id: 0x12fee490, L:/127.0.0.1:59880 - R:localhost/127.0.0.1:39929]' for 'POST' to 'http://localhost:39929/session/bd8e730f89de8b5114f84cf54bc7ce1f/element'
[DEBUG] Using open Channel [id: 0x12fee490, L:/127.0.0.1:59880 - R:localhost/127.0.0.1:39929] for POST '/session/bd8e730f89de8b5114f84cf54bc7ce1f/element'
[DEBUG] 

Request DefaultHttpRequest(decodeResult: success, version: HTTP/1.1)
POST /session/bd8e730f89de8b5114f84cf54bc7ce1f/element HTTP/1.1
User-Agent: selenium/4.8.3 (java windows)
Content-Length: 58
Content-Type: application/json; charset=utf-8
host: localhost:39929
accept: */*

Response DefaultHttpResponse(decodeResult: success, version: HTTP/1.1)
HTTP/1.1 200 OK
Content-Length: 88
Content-Type: application/json; charset=utf-8
cache-control: no-cache

[DEBUG] Adding key: http://localhost:39929 for channel [id: 0x12fee490, L:/127.0.0.1:59880 - R:localhost/127.0.0.1:39929]
[DEBUG] Using pooled Channel '[id: 0x12fee490, L:/127.0.0.1:59880 - R:localhost/127.0.0.1:39929]' for 'POST' to 'http://localhost:39929/session/bd8e730f89de8b5114f84cf54bc7ce1f/element/08148fe3-ec15-401e-b4e7-380d5b8d9f4f/value'
[DEBUG] Using open Channel [id: 0x12fee490, L:/127.0.0.1:59880 - R:localhost/127.0.0.1:39929] for POST '/session/bd8e730f89de8b5114f84cf54bc7ce1f/element/08148fe3-ec15-401e-b4e7-380d5b8d9f4f/value'
[DEBUG] 

Request DefaultHttpRequest(decodeResult: success, version: HTTP/1.1)
POST /session/bd8e730f89de8b5114f84cf54bc7ce1f/element/08148fe3-ec15-401e-b4e7-380d5b8d9f4f/value HTTP/1.1
User-Agent: selenium/4.8.3 (java windows)
Content-Length: 331
Content-Type: application/json; charset=utf-8
host: localhost:39929
accept: */*

Response DefaultHttpResponse(decodeResult: success, version: HTTP/1.1)
HTTP/1.1 200 OK
Content-Length: 14
Content-Type: application/json; charset=utf-8
cache-control: no-cache

[DEBUG] Adding key: http://localhost:39929 for channel [id: 0x12fee490, L:/127.0.0.1:59880 - R:localhost/127.0.0.1:39929]
[DEBUG] Using pooled Channel '[id: 0x12fee490, L:/127.0.0.1:59880 - R:localhost/127.0.0.1:39929]' for 'POST' to 'http://localhost:39929/session/bd8e730f89de8b5114f84cf54bc7ce1f/element'
[DEBUG] Using open Channel [id: 0x12fee490, L:/127.0.0.1:59880 - R:localhost/127.0.0.1:39929] for POST '/session/bd8e730f89de8b5114f84cf54bc7ce1f/element'
[DEBUG] 

Request DefaultHttpRequest(decodeResult: success, version: HTTP/1.1)
POST /session/bd8e730f89de8b5114f84cf54bc7ce1f/element HTTP/1.1
User-Agent: selenium/4.8.3 (java windows)
Content-Length: 62
Content-Type: application/json; charset=utf-8
host: localhost:39929
accept: */*

Response DefaultHttpResponse(decodeResult: success, version: HTTP/1.1)
HTTP/1.1 200 OK
Content-Length: 88
Content-Type: application/json; charset=utf-8
cache-control: no-cache

[DEBUG] Adding key: http://localhost:39929 for channel [id: 0x12fee490, L:/127.0.0.1:59880 - R:localhost/127.0.0.1:39929]
[DEBUG] Using pooled Channel '[id: 0x12fee490, L:/127.0.0.1:59880 - R:localhost/127.0.0.1:39929]' for 'POST' to 'http://localhost:39929/session/bd8e730f89de8b5114f84cf54bc7ce1f/element/608df4cf-ded5-4fc9-8267-5ef6201163ca/value'
[DEBUG] Using open Channel [id: 0x12fee490, L:/127.0.0.1:59880 - R:localhost/127.0.0.1:39929] for POST '/session/bd8e730f89de8b5114f84cf54bc7ce1f/element/608df4cf-ded5-4fc9-8267-5ef6201163ca/value'
[DEBUG] 

Request DefaultHttpRequest(decodeResult: success, version: HTTP/1.1)
POST /session/bd8e730f89de8b5114f84cf54bc7ce1f/element/608df4cf-ded5-4fc9-8267-5ef6201163ca/value HTTP/1.1
User-Agent: selenium/4.8.3 (java windows)
Content-Length: 181
Content-Type: application/json; charset=utf-8
host: localhost:39929
accept: */*

Response DefaultHttpResponse(decodeResult: success, version: HTTP/1.1)
HTTP/1.1 200 OK
Content-Length: 14
Content-Type: application/json; charset=utf-8
cache-control: no-cache

[DEBUG] Adding key: http://localhost:39929 for channel [id: 0x12fee490, L:/127.0.0.1:59880 - R:localhost/127.0.0.1:39929]
[DEBUG] Using pooled Channel '[id: 0x12fee490, L:/127.0.0.1:59880 - R:localhost/127.0.0.1:39929]' for 'POST' to 'http://localhost:39929/session/bd8e730f89de8b5114f84cf54bc7ce1f/element'
[DEBUG] Using open Channel [id: 0x12fee490, L:/127.0.0.1:59880 - R:localhost/127.0.0.1:39929] for POST '/session/bd8e730f89de8b5114f84cf54bc7ce1f/element'
[DEBUG] 

Request DefaultHttpRequest(decodeResult: success, version: HTTP/1.1)
POST /session/bd8e730f89de8b5114f84cf54bc7ce1f/element HTTP/1.1
User-Agent: selenium/4.8.3 (java windows)
Content-Length: 61
Content-Type: application/json; charset=utf-8
host: localhost:39929
accept: */*

Response DefaultHttpResponse(decodeResult: success, version: HTTP/1.1)
HTTP/1.1 200 OK
Content-Length: 88
Content-Type: application/json; charset=utf-8
cache-control: no-cache

[DEBUG] Adding key: http://localhost:39929 for channel [id: 0x12fee490, L:/127.0.0.1:59880 - R:localhost/127.0.0.1:39929]
[DEBUG] Using pooled Channel '[id: 0x12fee490, L:/127.0.0.1:59880 - R:localhost/127.0.0.1:39929]' for 'POST' to 'http://localhost:39929/session/bd8e730f89de8b5114f84cf54bc7ce1f/element/9f46bd3f-87f4-4c45-9b11-d07150636fce/value'
[DEBUG] Using open Channel [id: 0x12fee490, L:/127.0.0.1:59880 - R:localhost/127.0.0.1:39929] for POST '/session/bd8e730f89de8b5114f84cf54bc7ce1f/element/9f46bd3f-87f4-4c45-9b11-d07150636fce/value'
[DEBUG] 

Request DefaultHttpRequest(decodeResult: success, version: HTTP/1.1)
POST /session/bd8e730f89de8b5114f84cf54bc7ce1f/element/9f46bd3f-87f4-4c45-9b11-d07150636fce/value HTTP/1.1
User-Agent: selenium/4.8.3 (java windows)
Content-Length: 201
Content-Type: application/json; charset=utf-8
host: localhost:39929
accept: */*

Response DefaultHttpResponse(decodeResult: success, version: HTTP/1.1)
HTTP/1.1 200 OK
Content-Length: 14
Content-Type: application/json; charset=utf-8
cache-control: no-cache

[DEBUG] Adding key: http://localhost:39929 for channel [id: 0x12fee490, L:/127.0.0.1:59880 - R:localhost/127.0.0.1:39929]
[DEBUG] Using pooled Channel '[id: 0x12fee490, L:/127.0.0.1:59880 - R:localhost/127.0.0.1:39929]' for 'POST' to 'http://localhost:39929/session/bd8e730f89de8b5114f84cf54bc7ce1f/element'
[DEBUG] Using open Channel [id: 0x12fee490, L:/127.0.0.1:59880 - R:localhost/127.0.0.1:39929] for POST '/session/bd8e730f89de8b5114f84cf54bc7ce1f/element'
[DEBUG] 

Request DefaultHttpRequest(decodeResult: success, version: HTTP/1.1)
POST /session/bd8e730f89de8b5114f84cf54bc7ce1f/element HTTP/1.1
User-Agent: selenium/4.8.3 (java windows)
Content-Length: 60
Content-Type: application/json; charset=utf-8
host: localhost:39929
accept: */*

Response DefaultHttpResponse(decodeResult: success, version: HTTP/1.1)
HTTP/1.1 200 OK
Content-Length: 88
Content-Type: application/json; charset=utf-8
cache-control: no-cache

[DEBUG] Adding key: http://localhost:39929 for channel [id: 0x12fee490, L:/127.0.0.1:59880 - R:localhost/127.0.0.1:39929]
[DEBUG] Using pooled Channel '[id: 0x12fee490, L:/127.0.0.1:59880 - R:localhost/127.0.0.1:39929]' for 'POST' to 'http://localhost:39929/session/bd8e730f89de8b5114f84cf54bc7ce1f/element/430f7088-3450-4b8c-8f3d-1628f1c9221a/value'
[DEBUG] Using open Channel [id: 0x12fee490, L:/127.0.0.1:59880 - R:localhost/127.0.0.1:39929] for POST '/session/bd8e730f89de8b5114f84cf54bc7ce1f/element/430f7088-3450-4b8c-8f3d-1628f1c9221a/value'
[DEBUG] 

Request DefaultHttpRequest(decodeResult: success, version: HTTP/1.1)
POST /session/bd8e730f89de8b5114f84cf54bc7ce1f/element/430f7088-3450-4b8c-8f3d-1628f1c9221a/value HTTP/1.1
User-Agent: selenium/4.8.3 (java windows)
Content-Length: 201
Content-Type: application/json; charset=utf-8
host: localhost:39929
accept: */*

Response DefaultHttpResponse(decodeResult: success, version: HTTP/1.1)
HTTP/1.1 200 OK
Content-Length: 14
Content-Type: application/json; charset=utf-8
cache-control: no-cache

[DEBUG] Adding key: http://localhost:39929 for channel [id: 0x12fee490, L:/127.0.0.1:59880 - R:localhost/127.0.0.1:39929]
[DEBUG] Using pooled Channel '[id: 0x12fee490, L:/127.0.0.1:59880 - R:localhost/127.0.0.1:39929]' for 'POST' to 'http://localhost:39929/session/bd8e730f89de8b5114f84cf54bc7ce1f/element'
[DEBUG] Using open Channel [id: 0x12fee490, L:/127.0.0.1:59880 - R:localhost/127.0.0.1:39929] for POST '/session/bd8e730f89de8b5114f84cf54bc7ce1f/element'
[DEBUG] 

Request DefaultHttpRequest(decodeResult: success, version: HTTP/1.1)
POST /session/bd8e730f89de8b5114f84cf54bc7ce1f/element HTTP/1.1
User-Agent: selenium/4.8.3 (java windows)
Content-Length: 59
Content-Type: application/json; charset=utf-8
host: localhost:39929
accept: */*

Response DefaultHttpResponse(decodeResult: success, version: HTTP/1.1)
HTTP/1.1 200 OK
Content-Length: 88
Content-Type: application/json; charset=utf-8
cache-control: no-cache

[DEBUG] Adding key: http://localhost:39929 for channel [id: 0x12fee490, L:/127.0.0.1:59880 - R:localhost/127.0.0.1:39929]
[DEBUG] Using pooled Channel '[id: 0x12fee490, L:/127.0.0.1:59880 - R:localhost/127.0.0.1:39929]' for 'POST' to 'http://localhost:39929/session/bd8e730f89de8b5114f84cf54bc7ce1f/element/1f5fa35b-72a0-457c-b07c-ee487e9757e2/click'
[DEBUG] Using open Channel [id: 0x12fee490, L:/127.0.0.1:59880 - R:localhost/127.0.0.1:39929] for POST '/session/bd8e730f89de8b5114f84cf54bc7ce1f/element/1f5fa35b-72a0-457c-b07c-ee487e9757e2/click'
[DEBUG] 

Request DefaultHttpRequest(decodeResult: success, version: HTTP/1.1)
POST /session/bd8e730f89de8b5114f84cf54bc7ce1f/element/1f5fa35b-72a0-457c-b07c-ee487e9757e2/click HTTP/1.1
User-Agent: selenium/4.8.3 (java windows)
Content-Length: 50
Content-Type: application/json; charset=utf-8
host: localhost:39929
accept: */*

Response DefaultHttpResponse(decodeResult: success, version: HTTP/1.1)
HTTP/1.1 200 OK
Content-Length: 14
Content-Type: application/json; charset=utf-8
cache-control: no-cache

[DEBUG] Adding key: http://localhost:39929 for channel [id: 0x12fee490, L:/127.0.0.1:59880 - R:localhost/127.0.0.1:39929]
[DEBUG] Using pooled Channel '[id: 0x12fee490, L:/127.0.0.1:59880 - R:localhost/127.0.0.1:39929]' for 'POST' to 'http://localhost:39929/session/bd8e730f89de8b5114f84cf54bc7ce1f/element'
[DEBUG] Using open Channel [id: 0x12fee490, L:/127.0.0.1:59880 - R:localhost/127.0.0.1:39929] for POST '/session/bd8e730f89de8b5114f84cf54bc7ce1f/element'
[DEBUG] 

Request DefaultHttpRequest(decodeResult: success, version: HTTP/1.1)
POST /session/bd8e730f89de8b5114f84cf54bc7ce1f/element HTTP/1.1
User-Agent: selenium/4.8.3 (java windows)
Content-Length: 65
Content-Type: application/json; charset=utf-8
host: localhost:39929
accept: */*

Response DefaultHttpResponse(decodeResult: success, version: HTTP/1.1)
HTTP/1.1 200 OK
Content-Length: 88
Content-Type: application/json; charset=utf-8
cache-control: no-cache

[DEBUG] Adding key: http://localhost:39929 for channel [id: 0x12fee490, L:/127.0.0.1:59880 - R:localhost/127.0.0.1:39929]
[DEBUG] Using pooled Channel '[id: 0x12fee490, L:/127.0.0.1:59880 - R:localhost/127.0.0.1:39929]' for 'POST' to 'http://localhost:39929/session/bd8e730f89de8b5114f84cf54bc7ce1f/element/08dd4cc1-d6da-4479-96e4-7881187e4fe7/click'
[DEBUG] Using open Channel [id: 0x12fee490, L:/127.0.0.1:59880 - R:localhost/127.0.0.1:39929] for POST '/session/bd8e730f89de8b5114f84cf54bc7ce1f/element/08dd4cc1-d6da-4479-96e4-7881187e4fe7/click'
[DEBUG] Entry count for : http://localhost:59881 : 1
[DEBUG] 

Request DefaultHttpRequest(decodeResult: success, version: HTTP/1.1)
POST /session/bd8e730f89de8b5114f84cf54bc7ce1f/element/08dd4cc1-d6da-4479-96e4-7881187e4fe7/click HTTP/1.1
User-Agent: selenium/4.8.3 (java windows)
Content-Length: 50
Content-Type: application/json; charset=utf-8
host: localhost:39929
accept: */*

Response DefaultHttpResponse(decodeResult: success, version: HTTP/1.1)
HTTP/1.1 200 OK
Content-Length: 14
Content-Type: application/json; charset=utf-8
cache-control: no-cache

[DEBUG] Adding key: http://localhost:39929 for channel [id: 0x12fee490, L:/127.0.0.1:59880 - R:localhost/127.0.0.1:39929]
TutorialsNinjaRegisterpassed
]]></system-out>
    <system-err><![CDATA[Starting ChromeDriver 112.0.5615.49 (bd2a7bcb881c11e8cfe3078709382934e3916914-refs/branch-heads/5615@{#936}) on port 39929
Only local connections are allowed.
Please see https://chromedriver.chromium.org/security-considerations for suggestions on keeping ChromeDriver safe.
ChromeDriver was started successfully.
Apr 25, 2023 9:12:32 AM org.openqa.selenium.devtools.CdpVersionFinder findNearestMatch
WARNING: Unable to find an exact match for CDP version 112, so returning the closest version found: 111
]]></system-err>
  </testcase>
  <testcase name="registerAccount" classname="com.automationcode_18th_March_2023.TN_Registration" time="3.084">
    <system-out><![CDATA[[DEBUG] Channel Closed: [id: 0xd6c88d82, L:/127.0.0.1:59888 ! R:localhost/127.0.0.1:59881] with attribute NettyResponseFuture{currentRetry=0,
	isDone=1,
	isCancelled=0,
	asyncHandler=org.asynchttpclient.ws.WebSocketUpgradeHandler@6f7295a1,
	nettyRequest=org.asynchttpclient.netty.request.NettyRequest@2a70162b,
	future=java.util.concurrent.CompletableFuture@18be19c2[Completed normally],
	uri=ws://localhost:59881/devtools/browser/a83625db-7aef-497c-ad8c-c4180b19c291,
	keepAlive=true,
	redirectCount=0,
	timeoutsHolder=null,
	inAuth=0,
	touch=1682428352077}
[DEBUG] Closing Channel [id: 0xd6c88d82, L:/127.0.0.1:59888 ! R:localhost/127.0.0.1:59881] 
[DEBUG] Using pooled Channel '[id: 0x12fee490, L:/127.0.0.1:59880 - R:localhost/127.0.0.1:39929]' for 'DELETE' to 'http://localhost:39929/session/bd8e730f89de8b5114f84cf54bc7ce1f'
[DEBUG] Using open Channel [id: 0x12fee490, L:/127.0.0.1:59880 - R:localhost/127.0.0.1:39929] for DELETE '/session/bd8e730f89de8b5114f84cf54bc7ce1f'
[...]
[DEBUG] Using new Channel '[id: 0x5977ef53, L:/127.0.0.1:61835 - R:localhost/127.0.0.1:61827]' for 'GET' to '/json/version'
[DEBUG] 

Request DefaultFullHttpRequest(decodeResult: success, version: HTTP/1.1, content: EmptyByteBufBE)
GET /json/version HTTP/1.1
User-Agent: selenium/4.8.3 (java windows)
host: localhost:61827
accept: */*

Response DefaultHttpResponse(decodeResult: success, version: HTTP/1.1)
HTTP/1.1 200 OK
Content-Security-Policy: frame-ancestors 'none'
Content-Length: 424
Content-Type: application/json; charset=UTF-8

[DEBUG] Adding key: http://localhost:61827 for channel [id: 0x5977ef53, L:/127.0.0.1:61835 - R:localhost/127.0.0.1:61827]
[DEBUG] Using new Channel '[id: 0xb96404ea, L:/127.0.0.1:61836 - R:localhost/127.0.0.1:61827]' for 'GET' to '/devtools/browser/84270675-9e28-4b2a-984e-11a61cb78d72'
[DEBUG] 

Request DefaultFullHttpRequest(decodeResult: success, version: HTTP/1.1, content: EmptyByteBufBE)
GET /devtools/browser/84270675-9e28-4b2a-984e-11a61cb78d72 HTTP/1.1
upgrade: websocket
connection: upgrade
sec-websocket-key: cqQIn3wABXC4Fdq5BMDUfA==
sec-websocket-version: 13
origin: http://localhost:61827
host: localhost:61827
accept: */*
user-agent: AHC/2.1

Response DefaultHttpResponse(decodeResult: success, version: HTTP/1.1)
HTTP/1.1 101 WebSocket Protocol Handshake
Upgrade: WebSocket
Connection: Upgrade
Sec-WebSocket-Accept: TTEADeY6U0YZPAHxesRN9BTej00=

[DEBUG] Using pooled Channel '[id: 0xd0d69516, L:/127.0.0.1:61826 - R:localhost/127.0.0.1:41370]' for 'POST' to 'http://localhost:41370/session/7db69010f9d74ba770d9880c4f5e3efd/url'
[DEBUG] Using open Channel [id: 0xd0d69516, L:/127.0.0.1:61826 - R:localhost/127.0.0.1:41370] for POST '/session/7db69010f9d74ba770d9880c4f5e3efd/url'
[DEBUG] Entry count for : http://localhost:61557 : 1
[DEBUG] Entry count for : http://localhost:32429 : 1
[DEBUG] Entry count for : http://localhost:61827 : 1
[DEBUG] Entry count for : http://localhost:61557 : 1
[DEBUG] Entry count for : http://localhost:32429 : 1
[DEBUG] Entry count for : http://localhost:61827 : 1
[DEBUG] 

Request DefaultHttpRequest(decodeResult: success, version: HTTP/1.1)
POST /session/7db69010f9d74ba770d9880c4f5e3efd/url HTTP/1.1
User-Agent: selenium/4.8.3 (java windows)
Content-Length: 43
Content-Type: application/json; charset=utf-8
host: localhost:41370
accept: */*

Response DefaultHttpResponse(decodeResult: success, version: HTTP/1.1)
HTTP/1.1 500 Internal Server Error
Content-Length: 1015
Content-Type: application/json; charset=utf-8
cache-control: no-cache

[DEBUG] Adding key: http://localhost:41370 for channel [id: 0xd0d69516, L:/127.0.0.1:61826 - R:localhost/127.0.0.1:41370]
]]></system-out>
    <system-err><![CDATA[Starting ChromeDriver 112.0.5615.49 (bd2a7bcb881c11e8cfe3078709382934e3916914-refs/branch-heads/5615@{#936}) on port 41370
Only local connections are allowed.
Please see https://chromedriver.chromium.org/security-considerations for suggestions on keeping ChromeDriver safe.
ChromeDriver was started successfully.
Apr 25, 2023 9:18:33 AM org.openqa.selenium.devtools.CdpVersionFinder findNearestMatch
WARNING: Unable to find an exact match for CDP version 112, so returning the closest version found: 111
]]></system-err>
  </testcase>
  <testcase name="setup" classname="com.automationcode_19th_March_2023.IntroductionToXPaths" time="0">
    <skipped/>
  </testcase>
  <testcase name="clickOnSignInLink" classname="com.automationcode_19th_March_2023.IntroductionToXPaths" time="0">
    <skipped message="unknown error: cannot determine loading status&#10;from no such window&#10;  (Session info: chrome=112.0.5615.138)&#10;Build info: version: &apos;4.8.3&apos;, revision: &apos;e5e76298c3&apos;&#10;System info: os.name: &apos;Windows 11&apos;, os.arch: &apos;amd64&apos;, os.version: &apos;10.0&apos;, java.version: &apos;1.8.0_351&apos;&#10;Driver info: org.openqa.selenium.chrome.ChromeDriver&#10;Command: [7db69010f9d74ba770d9880c4f5e3efd, get {url=https://rediff.com}]&#10;Capabilities {acceptInsecureCerts: false, browserName: chrome, browserVersion: 112.0.5615.138, chrome: {chromedriverVersion: 112.0.5615.49 (bd2a7bcb881c..., userDataDir: C:\Users\Dennis\AppData\Loc...}, goog:chromeOptions: {debuggerAddress: localhost:61827}, networkConnectionEnabled: false, pageLoadStrategy: normal, platformName: WINDOWS, proxy: Proxy(), se:cdp: ws://localhost:61827/devtoo..., se:cdpVersion: 112.0.5615.138, setWindowRect: true, strictFileInteractability: false, timeouts: {implicit: 0, pageLoad: 300000, script: 30000}, unhandledPromptBehavior: dismiss and notify, webauthn:extension:credBlob: true, webauthn:extension:largeBlob: true, webauthn:extension:minPinLength: true, webauthn:extension:prf: true, webauthn:virtualAuthenticators: true}&#10;Session ID: 7db69010f9d74ba770d9880c4f5e3efd"/>
    <system-out><![CDATA[clickOnSignInLinkskipped
]]></system-out>
  </testcase>
  <testcase name="tearDown" classname="com.automationcode_19th_March_2023.IntroductionToXPaths" time="0">
    <skipped/>
  </testcase>
  <testcase name="tearDown" classname="com.automationcode_19th_March_2023.IntroductionToXPaths" time="0">
    <skipped/>
  </testcase>
  <testcase name="enterLoginCredentials" classname="com.automationcode_19th_March_2023.IntroductionToXPaths" time="0">
    <skipped message="unknown error: cannot determine loading status&#10;from no such window&#10;  (Session info: chrome=112.0.5615.138)&#10;Build info: version: &apos;4.8.3&apos;, revision: &apos;e5e76298c3&apos;&#10;System info: os.name: &apos;Windows 11&apos;, os.arch: &apos;amd64&apos;, os.version: &apos;10.0&apos;, java.version: &apos;1.8.0_351&apos;&#10;Driver info: org.openqa.selenium.chrome.ChromeDriver&#10;Command: [7db69010f9d74ba770d9880c4f5e3efd, get {url=https://rediff.com}]&#10;Capabilities {acceptInsecureCerts: false, browserName: chrome, browserVersion: 112.0.5615.138, chrome: {chromedriverVersion: 112.0.5615.49 (bd2a7bcb881c..., userDataDir: C:\Users\Dennis\AppData\Loc...}, goog:chromeOptions: {debuggerAddress: localhost:61827}, networkConnectionEnabled: false, pageLoadStrategy: normal, platformName: WINDOWS, proxy: Proxy(), se:cdp: ws://localhost:61827/devtoo..., se:cdpVersion: 112.0.5615.138, setWindowRect: true, strictFileInteractability: false, timeouts: {implicit: 0, pageLoad: 300000, script: 30000}, unhandledPromptBehavior: dismiss and notify, webauthn:extension:credBlob: true, webauthn:extension:largeBlob: true, webauthn:extension:minPinLength: true, webauthn:extension:prf: true, webauthn:virtualAuthenticators: true}&#10;Session ID: 7db69010f9d74ba770d9880c4f5e3efd"/>
    <system-out><![CDATA[enterLoginCredentialsskipped
]]></system-out>
  </testcase>
  <testcase name="TutorialsNinjaRegister" classname="com.automationcode_8th_April_2023.TutorialsNinjaRegisterTest" time="7.575">
    <failure message="disconnected: received Inspector.detached event&#10;  (failed to check if window was closed: disconnected: Unable to receive message from renderer)&#10;  (Session info: chrome=112.0.5615.138)&#10;Build info: version: &apos;4.8.3&apos;, revision: &apos;e5e76298c3&apos;&#10;System info: os.name: &apos;Windows 11&apos;, os.arch: &apos;amd64&apos;, os.version: &apos;10.0&apos;, java.version: &apos;1.8.0_351&apos;&#10;Driver info: org.openqa.selenium.chrome.ChromeDriver&#10;Command: [c206e88c3c4fc79d745a459cd3950716, get {url=http://tutorialsninja.com/demo}]&#10;Capabilities {acceptInsecureCerts: false, browserName: chrome, browserVersion: 112.0.5615.138, chrome: {chromedriverVersion: 112.0.5615.49 (bd2a7bcb881c..., userDataDir: C:\Users\Dennis\AppData\Loc...}, goog:chromeOptions: {debuggerAddress: localhost:61847}, networkConnectionEnabled: false, pageLoadStrategy: normal, platformName: WINDOWS, proxy: Proxy(), se:cdp: ws://localhost:61847/devtoo..., se:cdpVersion: 112.0.5615.138, setWindowRect: true, strictFileInteractability: false, timeouts: {implicit: 0, pageLoad: 300000, script: 30000}, unhandledPromptBehavior: dismiss and notify, webauthn:extension:credBlob: true, webauthn:extension:largeBlob: true, webauthn:extension:minPinLength: true, webauthn:extension:prf: true, webauthn:virtualAuthenticators: true}&#10;Session ID: c206e88c3c4fc79d745a459cd3950716" type="org.openqa.selenium.WebDriverException"><![CDATA[org.openqa.selenium.WebDriverException: 
disconnected: received Inspector.detached event
  (failed to check if window was closed: disconnected: Unable to receive message from renderer)
  (Session info: chrome=112.0.5615.138)
Build info: version: '4.8.3', revision: 'e5e76298c3'
System info: os.name: 'Windows 11', os.arch: 'amd64', os.version: '10.0', java.version: '1.8.0_351'
Driver info: org.openqa.selenium.chrome.ChromeDriver
Command: [c206e88c3c4fc79d745a459cd3950716, get {url=http://tutorialsninja.com/demo}]
Capabilities {acceptInsecureCerts: false, browserName: chrome, browserVersion: 112.0.5615.138, chrome: {chromedriverVersion: 112.0.5615.49 (bd2a7bcb881c..., userDataDir: C:\Users\Dennis\AppData\Loc...}, goog:chromeOptions: {debuggerAddress: localhost:61847}, networkConnectionEnabled: false, pageLoadStrategy: normal, platformName: WINDOWS, proxy: Proxy(), se:cdp: ws://localhost:61847/devtoo..., se:cdpVersion: 112.0.5615.138, setWindowRect: true, strictFileInteractability: false, timeouts: {implicit: 0, pageLoad: 300000, script: 30000}, unhandledPromptBehavior: dismiss and notify, webauthn:extension:credBlob: true, webauthn:extension:largeBlob: true, webauthn:extension:minPinLength: true, webauthn:extension:prf: true, webauthn:virtualAuthenticators: true}
Session ID: c206e88c3c4fc79d745a459cd3950716
	at sun.reflect.NativeConstructorAccessorImpl.newInstance0(Native Method)
	at sun.reflect.NativeConstructorAccessorImpl.newInstance(NativeConstructorAccessorImpl.java:62)
	at sun.reflect.DelegatingConstructorAccessorImpl.newInstance(DelegatingConstructorAccessorImpl.java:45)
	at java.lang.reflect.Constructor.newInstance(Constructor.java:423)
	at org.openqa.selenium.remote.codec.w3c.W3CHttpResponseCodec.createException(W3CHttpResponseCodec.java:200)
	at org.openqa.selenium.remote.codec.w3c.W3CHttpResponseCodec.decode(W3CHttpResponseCodec.java:133)
	at org.openqa.selenium.remote.codec.w3c.W3CHttpResponseCodec.decode(W3CHttpResponseCodec.java:53)
	at org.openqa.selenium.remote.HttpCommandExecutor.execute(HttpCommandExecutor.java:193)
	at org.openqa.selenium.remote.service.DriverCommandExecutor.invokeExecute(DriverCommandExecutor.java:183)
	at org.openqa.selenium.remote.service.DriverCommandExecutor.execute(DriverCommandExecutor.java:158)
	at org.openqa.selenium.remote.RemoteWebDriver.execute(RemoteWebDriver.java:543)
	at org.openqa.selenium.remote.RemoteWebDriver.get(RemoteWebDriver.java:297)
	at com.automationcode_8th_April_2023.TutorialsNinjaRegisterTest.TutorialsNinjaRegister(TutorialsNinjaRegisterTest.java:17)
	at sun.reflect.NativeMethodAccessorImpl.invoke0(Native Method)
	at sun.reflect.NativeMethodAccessorImpl.invoke(NativeMethodAccessorImpl.java:62)
	at sun.reflect.DelegatingMethodAccessorImpl.invoke(DelegatingMethodAccessorImpl.java:43)
	at java.lang.reflect.Method.invoke(Method.java:498)
	at org.testng.internal.MethodInvocationHelper.invokeMethod(MethodInvocationHelper.java:124)
	at org.testng.internal.Invoker.invokeMethod(Invoker.java:583)
	at org.testng.internal.Invoker.invokeTestMethod(Invoker.java:719)
	at org.testng.internal.Invoker.invokeTestMethods(Invoker.java:989)
	at org.testng.internal.TestMethodWorker.invokeTestMethods(TestMethodWorker.java:125)
	at org.testng.internal.TestMethodWorker.run(TestMethodWorker.java:109)
	at org.testng.TestRunner.privateRun(TestRunner.java:648)
	at org.testng.TestRunner.run(TestRunner.java:505)
	at org.testng.SuiteRunner.runTest(SuiteRunner.java:455)
	at org.testng.SuiteRunner.runSequentially(SuiteRunner.java:450)
	at org.testng.SuiteRunner.privateRun(SuiteRunner.java:415)
	at org.testng.SuiteRunner.run(SuiteRunner.java:364)
	at org.testng.SuiteRunnerWorker.runSuite(SuiteRunnerWorker.java:52)
	at org.testng.SuiteRunnerWorker.run(SuiteRunnerWorker.java:84)
	at org.testng.TestNG.runSuitesSequentially(TestNG.java:1208)
	at org.testng.TestNG.runSuitesLocally(TestNG.java:1137)
	at org.testng.TestNG.runSuites(TestNG.java:1049)
	at org.testng.TestNG.run(TestNG.java:1017)
	at org.apache.maven.surefire.testng.TestNGExecutor.run(TestNGExecutor.java:324)
	at org.apache.maven.surefire.testng.TestNGXmlTestSuite.execute(TestNGXmlTestSuite.java:74)
	at org.apache.maven.surefire.testng.TestNGProvider.invoke(TestNGProvider.java:123)
	at org.apache.maven.surefire.booter.ForkedBooter.runSuitesInProcess(ForkedBooter.java:456)
	at org.apache.maven.surefire.booter.ForkedBooter.execute(ForkedBooter.java:169)
	at org.apache.maven.surefire.booter.ForkedBooter.run(ForkedBooter.java:595)
	at org.apache.maven.surefire.booter.ForkedBooter.main(ForkedBooter.java:581)
]]></failure>
    <system-out><![CDATA[TutorialsNinjaRegisterstarting test
[DEBUG] Entry count for : http://localhost:41370 : 1
[DEBUG] Entry count for : http://localhost:61557 : 1
[DEBUG] Entry count for : http://localhost:32429 : 1
[DEBUG] Entry count for : http://localhost:61827 : 1
[DEBUG] Using new Channel '[id: 0x8d4bf3c8, L:/127.0.0.1:61845 - R:localhost/127.0.0.1:25369]' for 'POST' to '/session'
[DEBUG] Entry count for : http://localhost:41370 : 1
[DEBUG] Entry count for : http://localhost:61557 : 1
[DEBUG] Entry count for : http://localhost:32429 : 1
[DEBUG] Entry count for : http://localhost:61827 : 1
[DEBUG] Entry count for : http://localhost:41370 : 1
[DEBUG] Entry count for : http://localhost:61557 : 1
[DEBUG] Entry count for : http://localhost:32429 : 1
[DEBUG] Entry count for : http://localhost:61827 : 1
[DEBUG] 

Request DefaultHttpRequest(decodeResult: success, version: HTTP/1.1)
POST /session HTTP/1.1
User-Agent: selenium/4.8.3 (java windows)
Content-Length: 439
Content-Type: application/json; charset=utf-8
host: localhost:25369
accept: */*

Response DefaultHttpResponse(decodeResult: success, version: HTTP/1.1)
HTTP/1.1 200 OK
Content-Length: 861
Content-Type: application/json; charset=utf-8
cache-control: no-cache

[DEBUG] Adding key: http://localhost:25369 for channel [id: 0x8d4bf3c8, L:/127.0.0.1:61845 - R:localhost/127.0.0.1:25369]
[DEBUG] Using new Channel '[id: 0xaee00d3d, L:/127.0.0.1:61854 - R:localhost/127.0.0.1:61847]' for 'GET' to '/json/version'
[DEBUG] 

Request DefaultFullHttpRequest(decodeResult: success, version: HTTP/1.1, content: EmptyByteBufBE)
GET /json/version HTTP/1.1
User-Agent: selenium/4.8.3 (java windows)
host: localhost:61847
accept: */*

Response DefaultHttpResponse(decodeResult: success, version: HTTP/1.1)
HTTP/1.1 200 OK
Content-Security-Policy: frame-ancestors 'none'
Content-Length: 424
Content-Type: application/json; charset=UTF-8

[DEBUG] Adding key: http://localhost:61847 for channel [id: 0xaee00d3d, L:/127.0.0.1:61854 - R:localhost/127.0.0.1:61847]
[DEBUG] Using new Channel '[id: 0xdc6fda9d, L:/127.0.0.1:61855 - R:localhost/127.0.0.1:61847]' for 'GET' to '/devtools/browser/0714b11c-982d-4ece-8b8c-7e819ab924ac'
[DEBUG] 

Request DefaultFullHttpRequest(decodeResult: success, version: HTTP/1.1, content: EmptyByteBufBE)
GET /devtools/browser/0714b11c-982d-4ece-8b8c-7e819ab924ac HTTP/1.1
upgrade: websocket
connection: upgrade
sec-websocket-key: yAw/zAHY3fyIdaxZo98pqw==
sec-websocket-version: 13
origin: http://localhost:61847
host: localhost:61847
accept: */*
user-agent: AHC/2.1

Response DefaultHttpResponse(decodeResult: success, version: HTTP/1.1)
HTTP/1.1 101 WebSocket Protocol Handshake
Upgrade: WebSocket
Connection: Upgrade
Sec-WebSocket-Accept: FlLynFTDJZBurqI/lPFD8Ile4Ak=

[DEBUG] Using pooled Channel '[id: 0x8d4bf3c8, L:/127.0.0.1:61845 - R:localhost/127.0.0.1:25369]' for 'POST' to 'http://localhost:25369/session/c206e88c3c4fc79d745a459cd3950716/window/maximize'
[DEBUG] Using open Channel [id: 0x8d4bf3c8, L:/127.0.0.1:61845 - R:localhost/127.0.0.1:25369] for POST '/session/c206e88c3c4fc79d745a459cd3950716/window/maximize'
[DEBUG] 

Request DefaultHttpRequest(decodeResult: success, version: HTTP/1.1)
POST /session/c206e88c3c4fc79d745a459cd3950716/window/maximize HTTP/1.1
User-Agent: selenium/4.8.3 (java windows)
Content-Length: 3
Content-Type: application/json; charset=utf-8
host: localhost:25369
accept: */*

Response DefaultHttpResponse(decodeResult: success, version: HTTP/1.1)
HTTP/1.1 200 OK
Content-Length: 51
Content-Type: application/json; charset=utf-8
cache-control: no-cache

[DEBUG] Adding key: http://localhost:25369 for channel [id: 0x8d4bf3c8, L:/127.0.0.1:61845 - R:localhost/127.0.0.1:25369]
[DEBUG] Using pooled Channel '[id: 0x8d4bf3c8, L:/127.0.0.1:61845 - R:localhost/127.0.0.1:25369]' for 'POST' to 'http://localhost:25369/session/c206e88c3c4fc79d745a459cd3950716/url'
[DEBUG] Using open Channel [id: 0x8d4bf3c8, L:/127.0.0.1:61845 - R:localhost/127.0.0.1:25369] for POST '/session/c206e88c3c4fc79d745a459cd3950716/url'
[DEBUG] Entry count for : http://localhost:41370 : 1
[DEBUG] Entry count for : http://localhost:61847 : 1
[DEBUG] Entry count for : http://localhost:61557 : 1
[DEBUG] Entry count for : http://localhost:32429 : 1
[DEBUG] Entry count for : http://localhost:61827 : 1
[DEBUG] Entry count for : http://localhost:41370 : 1
[DEBUG] Entry count for : http://localhost:61847 : 1
[DEBUG] Entry count for : http://localhost:61557 : 1
[DEBUG] Entry count for : http://localhost:32429 : 1
[DEBUG] Entry count for : http://localhost:61827 : 1
[DEBUG] Entry count for : http://localhost:41370 : 1
[DEBUG] Entry count for : http://localhost:61847 : 1
[DEBUG] Entry count for : http://localhost:61557 : 1
[DEBUG] Entry count for : http://localhost:32429 : 1
[DEBUG] Entry count for : http://localhost:61827 : 1
[DEBUG] Entry count for : http://localhost:41370 : 1
[DEBUG] Entry count for : http://localhost:61847 : 1
[DEBUG] Entry count for : http://localhost:61557 : 1
[DEBUG] Entry count for : http://localhost:32429 : 1
[DEBUG] Entry count for : http://localhost:61827 : 1
[DEBUG] Channel Closed: [id: 0xaee00d3d, L:/127.0.0.1:61854 ! R:localhost/127.0.0.1:61847] with attribute DISCARD
[DEBUG] Channel Closed: [id: 0xdc6fda9d, L:/127.0.0.1:61855 ! R:localhost/127.0.0.1:61847] with attribute NettyResponseFuture{currentRetry=0,
	isDone=1,
	isCancelled=0,
	asyncHandler=org.asynchttpclient.ws.WebSocketUpgradeHandler@319e17e7,
	nettyRequest=org.asynchttpclient.netty.request.NettyRequest@6ef9a705,
	future=java.util.concurrent.CompletableFuture@535801a8[Completed normally],
	uri=ws://localhost:61847/devtools/browser/0714b11c-982d-4ece-8b8c-7e819ab924ac,
	keepAlive=true,
	redirectCount=0,
	timeoutsHolder=null,
	inAuth=0,
	touch=1682428718480}
[DEBUG] Closing Channel [id: 0xdc6fda9d, L:/127.0.0.1:61855 ! R:localhost/127.0.0.1:61847] 
[DEBUG] 

Request DefaultHttpRequest(decodeResult: success, version: HTTP/1.1)
POST /session/c206e88c3c4fc79d745a459cd3950716/url HTTP/1.1
User-Agent: selenium/4.8.3 (java windows)
Content-Length: 60
Content-Type: application/json; charset=utf-8
host: localhost:25369
accept: */*

Response DefaultHttpResponse(decodeResult: success, version: HTTP/1.1)
HTTP/1.1 500 Internal Server Error
Content-Length: 1035
Content-Type: application/json; charset=utf-8
cache-control: no-cache

[DEBUG] Adding key: http://localhost:25369 for channel [id: 0x8d4bf3c8, L:/127.0.0.1:61845 - R:localhost/127.0.0.1:25369]
TutorialsNinjaRegisterfailed
]]></system-out>
    <system-err><![CDATA[Starting ChromeDriver 112.0.5615.49 (bd2a7bcb881c11e8cfe3078709382934e3916914-refs/branch-heads/5615@{#936}) on port 25369
Only local connections are allowed.
Please see https://chromedriver.chromium.org/security-considerations for suggestions on keeping ChromeDriver safe.
ChromeDriver was started successfully.
Apr 25, 2023 9:18:38 AM org.openqa.selenium.devtools.CdpVersionFinder findNearestMatch
WARNING: Unable to find an exact match for CDP version 112, so returning the closest version found: 111
[1682428723.077][SEVERE]: Unable to receive message from renderer
]]></system-err>
  </testcase>
</testsuite>