<?xml version="1.0" encoding="UTF-8"?>
<testng-results ignored="0" total="2" passed="2" failed="0" skipped="0">
  <reporter-output>
  </reporter-output>
  <suite started-at="2023-04-02T14:02:32 EDT" name="Default suite" finished-at="2023-04-02T14:02:43 EDT" duration-ms="11232">
    <groups>
    </groups>
    <test started-at="2023-04-02T14:02:32 EDT" name="Default test" finished-at="2023-04-02T14:02:43 EDT" duration-ms="11232">
      <class name="com.automation.code_25th_March_2023.CssSelector_TN">
        <test-method is-config="true" signature="openBrowser()[pri:0, instance:com.automation.code_25th_March_2023.CssSelector_TN@2a7f1f10]" started-at="2023-04-02T14:02:32 EDT" name="openBrowser" finished-at="2023-04-02T14:02:38 EDT" duration-ms="5781" status="PASS">
          <reporter-output>
          </reporter-output>
        </test-method> <!-- openBrowser -->
        <test-method signature="clickOnLoginLink()[pri:0, instance:com.automation.code_25th_March_2023.CssSelector_TN@2a7f1f10]" started-at="2023-04-02T14:02:38 EDT" name="clickOnLoginLink" finished-at="2023-04-02T14:02:38 EDT" duration-ms="760" status="PASS">
          <reporter-output>
          </reporter-output>
        </test-method> <!-- clickOnLoginLink -->
        <test-method is-config="true" signature="tearDown()[pri:0, instance:com.automation.code_25th_March_2023.CssSelector_TN@2a7f1f10]" started-at="2023-04-02T14:02:38 EDT" name="tearDown" finished-at="2023-04-02T14:02:39 EDT" duration-ms="289" status="PASS">
          <reporter-output>
          </reporter-output>
        </test-method> <!-- tearDown -->
        <test-method is-config="true" signature="openBrowser()[pri:0, instance:com.automation.code_25th_March_2023.CssSelector_TN@2a7f1f10]" started-at="2023-04-02T14:02:39 EDT" name="openBrowser" finished-at="2023-04-02T14:02:43 EDT" duration-ms="4108" status="PASS">
          <reporter-output>
          </reporter-output>
        </test-method> <!-- openBrowser -->
        <test-method signature="clickOnMyAccountLink()[pri:0, instance:com.automation.code_25th_March_2023.CssSelector_TN@2a7f1f10]" started-at="2023-04-02T14:02:43 EDT" name="clickOnMyAccountLink" finished-at="2023-04-02T14:02:43 EDT" duration-ms="78" status="PASS">
          <reporter-output>
          </reporter-output>
        </test-method> <!-- clickOnMyAccountLink -->
        <test-method is-config="true" signature="tearDown()[pri:0, instance:com.automation.code_25th_March_2023.CssSelector_TN@2a7f1f10]" started-at="2023-04-02T14:02:43 EDT" name="tearDown" finished-at="2023-04-02T14:02:43 EDT" duration-ms="191" status="PASS">
          <reporter-output>
          </reporter-output>
        </test-method> <!-- tearDown -->
      </class> <!-- com.automation.code_25th_March_2023.CssSelector_TN -->
    </test> <!-- Default test -->
  </suite> <!-- Default suite -->
</testng-results>
